This is pdfTeX, Version 3.14159265-2.6-1.40.18 (TeX Live 2017) (preloaded format=pdflatex 2017.12.5)  20 JUN 2018 21:43
entering extended mode
 restricted \write18 enabled.
 file:line:error style messages enabled.
 %&-line parsing enabled.
**h0norm.tex
(./h0norm.tex
LaTeX2e <2017-04-15>
Babel <3.10> and hyphenation patterns for 84 language(s) loaded.
(/usr/local/texlive/2017/texmf-dist/tex/latex/base/report.cls
Document Class: report 2014/09/29 v1.4h Standard LaTeX document class
(/usr/local/texlive/2017/texmf-dist/tex/latex/base/size12.clo
File: size12.clo 2014/09/29 v1.4h Standard LaTeX file (size option)
)
\c@part=\count79
\c@chapter=\count80
\c@section=\count81
\c@subsection=\count82
\c@subsubsection=\count83
\c@paragraph=\count84
\c@subparagraph=\count85
\c@figure=\count86
\c@table=\count87
\abovecaptionskip=\skip41
\belowcaptionskip=\skip42
\bibindent=\dimen102
)
(/usr/local/texlive/2017/texmf-dist/tex/latex/float/float.sty
Package: float 2001/11/08 v1.3d Float enhancements (AL)
\c@float@type=\count88
\float@exts=\toks14
\float@box=\box26
\@float@everytoks=\toks15
\@floatcapt=\box27
)
(/usr/local/texlive/2017/texmf-dist/tex/generic/babel/babel.sty
Package: babel 2017/05/19 3.10 The Babel package

(/usr/local/texlive/2017/texmf-dist/tex/generic/babel-dutch/dutch.ldf
Language: dutch 2005/03/30 v3.8i Dutch support from the babel system

(/usr/local/texlive/2017/texmf-dist/tex/generic/babel/babel.def
File: babel.def 2017/05/19 3.10 Babel common definitions
\babel@savecnt=\count89
\U@D=\dimen103
)
Package babel Info: Making " an active character on input line 132.
))
(/usr/local/texlive/2017/texmf-dist/tex/latex/colortbl/colortbl.sty
Package: colortbl 2012/02/13 v1.0a Color table columns (DPC)

(/usr/local/texlive/2017/texmf-dist/tex/latex/tools/array.sty
Package: array 2016/10/06 v2.4d Tabular extension package (FMi)
\col@sep=\dimen104
\extrarowheight=\dimen105
\NC@list=\toks16
\extratabsurround=\skip43
\backup@length=\skip44
)
(/usr/local/texlive/2017/texmf-dist/tex/latex/graphics/color.sty
Package: color 2016/07/10 v1.1e Standard LaTeX Color (DPC)

(/usr/local/texlive/2017/texmf-dist/tex/latex/graphics-cfg/color.cfg
File: color.cfg 2016/01/02 v1.6 sample color configuration
)
Package color Info: Driver file: pdftex.def on input line 147.

(/usr/local/texlive/2017/texmf-dist/tex/latex/graphics-def/pdftex.def
File: pdftex.def 2017/01/12 v0.06k Graphics/color for pdfTeX

(/usr/local/texlive/2017/texmf-dist/tex/generic/oberdiek/infwarerr.sty
Package: infwarerr 2016/05/16 v1.4 Providing info/warning/error messages (HO)
)
(/usr/local/texlive/2017/texmf-dist/tex/generic/oberdiek/ltxcmds.sty
Package: ltxcmds 2016/05/16 v1.23 LaTeX kernel commands for general use (HO)
)
\Gread@gobject=\count90
))
\everycr=\toks17
\minrowclearance=\skip45
)
(/usr/local/texlive/2017/texmf-dist/tex/latex/graphics/graphicx.sty
Package: graphicx 2014/10/28 v1.0g Enhanced LaTeX Graphics (DPC,SPQR)

(/usr/local/texlive/2017/texmf-dist/tex/latex/graphics/keyval.sty
Package: keyval 2014/10/28 v1.15 key=value parser (DPC)
\KV@toks@=\toks18
)
(/usr/local/texlive/2017/texmf-dist/tex/latex/graphics/graphics.sty
Package: graphics 2017/04/14 v1.1b Standard LaTeX Graphics (DPC,SPQR)

(/usr/local/texlive/2017/texmf-dist/tex/latex/graphics/trig.sty
Package: trig 2016/01/03 v1.10 sin cos tan (DPC)
)
(/usr/local/texlive/2017/texmf-dist/tex/latex/graphics-cfg/graphics.cfg
File: graphics.cfg 2016/06/04 v1.11 sample graphics configuration
)
Package graphics Info: Driver file: pdftex.def on input line 99.
)
\Gin@req@height=\dimen106
\Gin@req@width=\dimen107
)
(/usr/local/texlive/2017/texmf-dist/tex/latex/base/textcomp.sty
Package: textcomp 2017/04/05 v2.0i Standard LaTeX package
Package textcomp Info: Sub-encoding information:
(textcomp)               5 = only ISO-Adobe without \textcurrency
(textcomp)               4 = 5 + \texteuro
(textcomp)               3 = 4 + \textohm
(textcomp)               2 = 3 + \textestimated + \textcurrency
(textcomp)               1 = TS1 - \textcircled - \t
(textcomp)               0 = TS1 (full)
(textcomp)             Font families with sub-encoding setting implement
(textcomp)             only a restricted character set as indicated.
(textcomp)             Family '?' is the default used for unknown fonts.
(textcomp)             See the documentation for details.
Package textcomp Info: Setting ? sub-encoding to TS1/1 on input line 79.

(/usr/local/texlive/2017/texmf-dist/tex/latex/base/ts1enc.def
File: ts1enc.def 2001/06/05 v3.0e (jk/car/fm) Standard LaTeX file
)
LaTeX Info: Redefining \oldstylenums on input line 334.
Package textcomp Info: Setting cmr sub-encoding to TS1/0 on input line 349.
Package textcomp Info: Setting cmss sub-encoding to TS1/0 on input line 350.
Package textcomp Info: Setting cmtt sub-encoding to TS1/0 on input line 351.
Package textcomp Info: Setting cmvtt sub-encoding to TS1/0 on input line 352.
Package textcomp Info: Setting cmbr sub-encoding to TS1/0 on input line 353.
Package textcomp Info: Setting cmtl sub-encoding to TS1/0 on input line 354.
Package textcomp Info: Setting ccr sub-encoding to TS1/0 on input line 355.
Package textcomp Info: Setting ptm sub-encoding to TS1/4 on input line 356.
Package textcomp Info: Setting pcr sub-encoding to TS1/4 on input line 357.
Package textcomp Info: Setting phv sub-encoding to TS1/4 on input line 358.
Package textcomp Info: Setting ppl sub-encoding to TS1/3 on input line 359.
Package textcomp Info: Setting pag sub-encoding to TS1/4 on input line 360.
Package textcomp Info: Setting pbk sub-encoding to TS1/4 on input line 361.
Package textcomp Info: Setting pnc sub-encoding to TS1/4 on input line 362.
Package textcomp Info: Setting pzc sub-encoding to TS1/4 on input line 363.
Package textcomp Info: Setting bch sub-encoding to TS1/4 on input line 364.
Package textcomp Info: Setting put sub-encoding to TS1/5 on input line 365.
Package textcomp Info: Setting uag sub-encoding to TS1/5 on input line 366.
Package textcomp Info: Setting ugq sub-encoding to TS1/5 on input line 367.
Package textcomp Info: Setting ul8 sub-encoding to TS1/4 on input line 368.
Package textcomp Info: Setting ul9 sub-encoding to TS1/4 on input line 369.
Package textcomp Info: Setting augie sub-encoding to TS1/5 on input line 370.
Package textcomp Info: Setting dayrom sub-encoding to TS1/3 on input line 371.
Package textcomp Info: Setting dayroms sub-encoding to TS1/3 on input line 372.

Package textcomp Info: Setting pxr sub-encoding to TS1/0 on input line 373.
Package textcomp Info: Setting pxss sub-encoding to TS1/0 on input line 374.
Package textcomp Info: Setting pxtt sub-encoding to TS1/0 on input line 375.
Package textcomp Info: Setting txr sub-encoding to TS1/0 on input line 376.
Package textcomp Info: Setting txss sub-encoding to TS1/0 on input line 377.
Package textcomp Info: Setting txtt sub-encoding to TS1/0 on input line 378.
Package textcomp Info: Setting lmr sub-encoding to TS1/0 on input line 379.
Package textcomp Info: Setting lmdh sub-encoding to TS1/0 on input line 380.
Package textcomp Info: Setting lmss sub-encoding to TS1/0 on input line 381.
Package textcomp Info: Setting lmssq sub-encoding to TS1/0 on input line 382.
Package textcomp Info: Setting lmvtt sub-encoding to TS1/0 on input line 383.
Package textcomp Info: Setting lmtt sub-encoding to TS1/0 on input line 384.
Package textcomp Info: Setting qhv sub-encoding to TS1/0 on input line 385.
Package textcomp Info: Setting qag sub-encoding to TS1/0 on input line 386.
Package textcomp Info: Setting qbk sub-encoding to TS1/0 on input line 387.
Package textcomp Info: Setting qcr sub-encoding to TS1/0 on input line 388.
Package textcomp Info: Setting qcs sub-encoding to TS1/0 on input line 389.
Package textcomp Info: Setting qpl sub-encoding to TS1/0 on input line 390.
Package textcomp Info: Setting qtm sub-encoding to TS1/0 on input line 391.
Package textcomp Info: Setting qzc sub-encoding to TS1/0 on input line 392.
Package textcomp Info: Setting qhvc sub-encoding to TS1/0 on input line 393.
Package textcomp Info: Setting futs sub-encoding to TS1/4 on input line 394.
Package textcomp Info: Setting futx sub-encoding to TS1/4 on input line 395.
Package textcomp Info: Setting futj sub-encoding to TS1/4 on input line 396.
Package textcomp Info: Setting hlh sub-encoding to TS1/3 on input line 397.
Package textcomp Info: Setting hls sub-encoding to TS1/3 on input line 398.
Package textcomp Info: Setting hlst sub-encoding to TS1/3 on input line 399.
Package textcomp Info: Setting hlct sub-encoding to TS1/5 on input line 400.
Package textcomp Info: Setting hlx sub-encoding to TS1/5 on input line 401.
Package textcomp Info: Setting hlce sub-encoding to TS1/5 on input line 402.
Package textcomp Info: Setting hlcn sub-encoding to TS1/5 on input line 403.
Package textcomp Info: Setting hlcw sub-encoding to TS1/5 on input line 404.
Package textcomp Info: Setting hlcf sub-encoding to TS1/5 on input line 405.
Package textcomp Info: Setting pplx sub-encoding to TS1/3 on input line 406.
Package textcomp Info: Setting pplj sub-encoding to TS1/3 on input line 407.
Package textcomp Info: Setting ptmx sub-encoding to TS1/4 on input line 408.
Package textcomp Info: Setting ptmj sub-encoding to TS1/4 on input line 409.
)
(/usr/local/texlive/2017/texmf-dist/tex/latex/eurosym/eurosym.sty
Package: eurosym 1998/08/06 v1.1 European currency symbol ``Euro''
\@eurobox=\box28
)
(/usr/local/texlive/2017/texmf-dist/tex/latex/hyperref/hyperref.sty
Package: hyperref 2017/03/14 v6.85a Hypertext links for LaTeX

(/usr/local/texlive/2017/texmf-dist/tex/generic/oberdiek/hobsub-hyperref.sty
Package: hobsub-hyperref 2016/05/16 v1.14 Bundle oberdiek, subset hyperref (HO)


(/usr/local/texlive/2017/texmf-dist/tex/generic/oberdiek/hobsub-generic.sty
Package: hobsub-generic 2016/05/16 v1.14 Bundle oberdiek, subset generic (HO)
Package: hobsub 2016/05/16 v1.14 Construct package bundles (HO)
Package hobsub Info: Skipping package `infwarerr' (already loaded).
Package hobsub Info: Skipping package `ltxcmds' (already loaded).
Package: ifluatex 2016/05/16 v1.4 Provides the ifluatex switch (HO)
Package ifluatex Info: LuaTeX not detected.
Package: ifvtex 2016/05/16 v1.6 Detect VTeX and its facilities (HO)
Package ifvtex Info: VTeX not detected.
Package: intcalc 2016/05/16 v1.2 Expandable calculations with integers (HO)
Package: ifpdf 2017/03/15 v3.2 Provides the ifpdf switch
Package: etexcmds 2016/05/16 v1.6 Avoid name clashes with e-TeX commands (HO)
Package etexcmds Info: Could not find \expanded.
(etexcmds)             That can mean that you are not using pdfTeX 1.50 or
(etexcmds)             that some package has redefined \expanded.
(etexcmds)             In the latter case, load this package earlier.
Package: kvsetkeys 2016/05/16 v1.17 Key value parser (HO)
Package: kvdefinekeys 2016/05/16 v1.4 Define keys (HO)
Package: pdftexcmds 2017/03/19 v0.25 Utility functions of pdfTeX for LuaTeX (HO
)
Package pdftexcmds Info: LuaTeX not detected.
Package pdftexcmds Info: \pdf@primitive is available.
Package pdftexcmds Info: \pdf@ifprimitive is available.
Package pdftexcmds Info: \pdfdraftmode found.
Package: pdfescape 2016/05/16 v1.14 Implements pdfTeX's escape features (HO)
Package: bigintcalc 2016/05/16 v1.4 Expandable calculations on big integers (HO
)
Package: bitset 2016/05/16 v1.2 Handle bit-vector datatype (HO)
Package: uniquecounter 2016/05/16 v1.3 Provide unlimited unique counter (HO)
)
Package hobsub Info: Skipping package `hobsub' (already loaded).
Package: letltxmacro 2016/05/16 v1.5 Let assignment for LaTeX macros (HO)
Package: hopatch 2016/05/16 v1.3 Wrapper for package hooks (HO)
Package: xcolor-patch 2016/05/16 xcolor patch
Package: atveryend 2016/05/16 v1.9 Hooks at the very end of document (HO)
Package atveryend Info: \enddocument detected (standard20110627).
Package: atbegshi 2016/06/09 v1.18 At begin shipout hook (HO)
Package: refcount 2016/05/16 v3.5 Data extraction from label references (HO)
Package: hycolor 2016/05/16 v1.8 Color options for hyperref/bookmark (HO)
)
(/usr/local/texlive/2017/texmf-dist/tex/generic/ifxetex/ifxetex.sty
Package: ifxetex 2010/09/12 v0.6 Provides ifxetex conditional
)
(/usr/local/texlive/2017/texmf-dist/tex/latex/oberdiek/auxhook.sty
Package: auxhook 2016/05/16 v1.4 Hooks for auxiliary files (HO)
)
(/usr/local/texlive/2017/texmf-dist/tex/latex/oberdiek/kvoptions.sty
Package: kvoptions 2016/05/16 v3.12 Key value format for package options (HO)
)
\@linkdim=\dimen108
\Hy@linkcounter=\count91
\Hy@pagecounter=\count92

(/usr/local/texlive/2017/texmf-dist/tex/latex/hyperref/pd1enc.def
File: pd1enc.def 2017/03/14 v6.85a Hyperref: PDFDocEncoding definition (HO)
)
\Hy@SavedSpaceFactor=\count93

(/usr/local/texlive/2017/texmf-dist/tex/latex/latexconfig/hyperref.cfg
File: hyperref.cfg 2002/06/06 v1.2 hyperref configuration of TeXLive
)
Package hyperref Info: Hyper figures OFF on input line 4498.
Package hyperref Info: Link nesting OFF on input line 4503.
Package hyperref Info: Hyper index ON on input line 4506.
Package hyperref Info: Plain pages OFF on input line 4513.
Package hyperref Info: Backreferencing OFF on input line 4518.
Package hyperref Info: Implicit mode ON; LaTeX internals redefined.
Package hyperref Info: Bookmarks ON on input line 4751.
\c@Hy@tempcnt=\count94

(/usr/local/texlive/2017/texmf-dist/tex/latex/url/url.sty
\Urlmuskip=\muskip10
Package: url 2013/09/16  ver 3.4  Verb mode for urls, etc.
)
LaTeX Info: Redefining \url on input line 5104.
\XeTeXLinkMargin=\dimen109
\Fld@menulength=\count95
\Field@Width=\dimen110
\Fld@charsize=\dimen111
Package hyperref Info: Hyper figures OFF on input line 6358.
Package hyperref Info: Link nesting OFF on input line 6363.
Package hyperref Info: Hyper index ON on input line 6366.
Package hyperref Info: backreferencing OFF on input line 6373.
Package hyperref Info: Link coloring OFF on input line 6378.
Package hyperref Info: Link coloring with OCG OFF on input line 6383.
Package hyperref Info: PDF/A mode OFF on input line 6388.
LaTeX Info: Redefining \ref on input line 6428.
LaTeX Info: Redefining \pageref on input line 6432.
\Hy@abspage=\count96
\c@Item=\count97
\c@Hfootnote=\count98
)

Package hyperref Message: Driver (autodetected): hpdftex.

(/usr/local/texlive/2017/texmf-dist/tex/latex/hyperref/hpdftex.def
File: hpdftex.def 2017/03/14 v6.85a Hyperref driver for pdfTeX
\Fld@listcount=\count99
\c@bookmark@seq@number=\count100

(/usr/local/texlive/2017/texmf-dist/tex/latex/oberdiek/rerunfilecheck.sty
Package: rerunfilecheck 2016/05/16 v1.8 Rerun checks for auxiliary files (HO)
Package uniquecounter Info: New unique counter `rerunfilecheck' on input line 2
82.
)
\Hy@SectionHShift=\skip46
)
(/usr/local/texlive/2017/texmf-dist/tex/latex/caption/caption.sty
Package: caption 2016/02/21 v3.3-144 Customizing captions (AR)

(/usr/local/texlive/2017/texmf-dist/tex/latex/caption/caption3.sty
Package: caption3 2016/05/22 v1.7-166 caption3 kernel (AR)
Package caption3 Info: TeX engine: e-TeX on input line 67.
\captionmargin=\dimen112
\captionmargin@=\dimen113
\captionwidth=\dimen114
\caption@tempdima=\dimen115
\caption@indent=\dimen116
\caption@parindent=\dimen117
\caption@hangindent=\dimen118
)
\c@ContinuedFloat=\count101
Package caption Info: float package is loaded.
Package caption Info: hyperref package is loaded.
)
(/usr/local/texlive/2017/texmf-dist/tex/latex/caption/subcaption.sty
Package: subcaption 2016/05/22 v1.1-161 Sub-captions (AR)
\c@subfigure=\count102
\c@subtable=\count103
)
(/usr/local/texlive/2017/texmf-dist/tex/latex/geometry/geometry.sty
Package: geometry 2010/09/12 v5.6 Page Geometry
\Gm@cnth=\count104
\Gm@cntv=\count105
\c@Gm@tempcnt=\count106
\Gm@bindingoffset=\dimen119
\Gm@wd@mp=\dimen120
\Gm@odd@mp=\dimen121
\Gm@even@mp=\dimen122
\Gm@layoutwidth=\dimen123
\Gm@layoutheight=\dimen124
\Gm@layouthoffset=\dimen125
\Gm@layoutvoffset=\dimen126
\Gm@dimlist=\toks19
)
(./h0norm.aux)
\openout1 = `h0norm.aux'.

LaTeX Font Info:    Checking defaults for OML/cmm/m/it on input line 37.
LaTeX Font Info:    ... okay on input line 37.
LaTeX Font Info:    Checking defaults for T1/cmr/m/n on input line 37.
LaTeX Font Info:    ... okay on input line 37.
LaTeX Font Info:    Checking defaults for OT1/cmr/m/n on input line 37.
LaTeX Font Info:    ... okay on input line 37.
LaTeX Font Info:    Checking defaults for OMS/cmsy/m/n on input line 37.
LaTeX Font Info:    ... okay on input line 37.
LaTeX Font Info:    Checking defaults for OMX/cmex/m/n on input line 37.
LaTeX Font Info:    ... okay on input line 37.
LaTeX Font Info:    Checking defaults for U/cmr/m/n on input line 37.
LaTeX Font Info:    ... okay on input line 37.
LaTeX Font Info:    Checking defaults for TS1/cmr/m/n on input line 37.
LaTeX Font Info:    Try loading font information for TS1+cmr on input line 37.
 (/usr/local/texlive/2017/texmf-dist/tex/latex/base/ts1cmr.fd
File: ts1cmr.fd 2014/09/29 v2.5h Standard LaTeX font definitions
)
LaTeX Font Info:    ... okay on input line 37.
LaTeX Font Info:    Checking defaults for PD1/pdf/m/n on input line 37.
LaTeX Font Info:    ... okay on input line 37.

(/usr/local/texlive/2017/texmf-dist/tex/context/base/mkii/supp-pdf.mkii
[Loading MPS to PDF converter (version 2006.09.02).]
\scratchcounter=\count107
\scratchdimen=\dimen127
\scratchbox=\box29
\nofMPsegments=\count108
\nofMParguments=\count109
\everyMPshowfont=\toks20
\MPscratchCnt=\count110
\MPscratchDim=\dimen128
\MPnumerator=\count111
\makeMPintoPDFobject=\count112
\everyMPtoPDFconversion=\toks21
) (/usr/local/texlive/2017/texmf-dist/tex/latex/oberdiek/epstopdf-base.sty
Package: epstopdf-base 2016/05/15 v2.6 Base part for package epstopdf

(/usr/local/texlive/2017/texmf-dist/tex/latex/oberdiek/grfext.sty
Package: grfext 2016/05/16 v1.2 Manage graphics extensions (HO)
)
Package epstopdf-base Info: Redefining graphics rule for `.eps' on input line 4
38.
Package grfext Info: Graphics extension search list:
(grfext)             [.pdf,.png,.jpg,.eps]
(grfext)             \AppendGraphicsExtensions on input line 456.

(/usr/local/texlive/2017/texmf-dist/tex/latex/latexconfig/epstopdf-sys.cfg
File: epstopdf-sys.cfg 2010/07/13 v1.3 Configuration of (r)epstopdf for TeX Liv
e
))
\AtBeginShipoutBox=\box30
Package hyperref Info: Link coloring OFF on input line 37.

(/usr/local/texlive/2017/texmf-dist/tex/latex/hyperref/nameref.sty
Package: nameref 2016/05/21 v2.44 Cross-referencing by name of section

(/usr/local/texlive/2017/texmf-dist/tex/generic/oberdiek/gettitlestring.sty
Package: gettitlestring 2016/05/16 v1.5 Cleanup title references (HO)
)
\c@section@level=\count113
)
LaTeX Info: Redefining \ref on input line 37.
LaTeX Info: Redefining \pageref on input line 37.
LaTeX Info: Redefining \nameref on input line 37.

(./h0norm.out) (./h0norm.out)
\@outlinefile=\write3
\openout3 = `h0norm.out'.

Package caption Info: Begin \AtBeginDocument code.
Package caption Info: End \AtBeginDocument code.

*geometry* driver: auto-detecting
*geometry* detected driver: pdftex
*geometry* verbose mode - [ preamble ] result:
* driver: pdftex
* paper: a4paper
* layout: <same size as paper>
* layoutoffset:(h,v)=(0.0pt,0.0pt)
* modes: 
* h-part:(L,W,R)=(56.9055pt, 512.1496pt, 28.45277pt)
* v-part:(T,H,B)=(56.9055pt, 731.23582pt, 56.90552pt)
* \paperwidth=597.50787pt
* \paperheight=845.04684pt
* \textwidth=512.1496pt
* \textheight=731.23582pt
* \oddsidemargin=-15.36449pt
* \evensidemargin=-15.36449pt
* \topmargin=-52.36449pt
* \headheight=12.0pt
* \headsep=25.0pt
* \topskip=12.0pt
* \footskip=30.0pt
* \marginparwidth=35.0pt
* \marginparsep=10.0pt
* \columnsep=10.0pt
* \skip\footins=10.8pt plus 4.0pt minus 2.0pt
* \hoffset=0.0pt
* \voffset=0.0pt
* \mag=1000
* \@twocolumnfalse
* \@twosidefalse
* \@mparswitchfalse
* \@reversemarginfalse
* (1in=72.27pt=25.4mm, 1cm=28.453pt)

LaTeX Font Info:    Try loading font information for OT1+lmss on input line 39.

(/usr/local/texlive/2017/texmf-dist/tex/latex/lm/ot1lmss.fd
File: ot1lmss.fd 2009/10/30 v1.6 Font defs for Latin Modern
)
<images/RCU_logo.png, id=297, 531.9875pt x 531.9875pt>
File: images/RCU_logo.png Graphic file (type png)

<use images/RCU_logo.png>
Package pdftex.def Info: images/RCU_logo.png used on input line 69.
(pdftex.def)             Requested size: 319.19496pt x 319.19496pt.
LaTeX Font Info:    External font `cmex10' loaded for size
(Font)              <10.95> on input line 69.
LaTeX Font Info:    External font `cmex10' loaded for size
(Font)              <8> on input line 69.
LaTeX Font Info:    External font `cmex10' loaded for size
(Font)              <6> on input line 69.
LaTeX Font Info:    External font `cmex10' loaded for size
(Font)              <14.4> on input line 69.
LaTeX Font Info:    External font `cmex10' loaded for size
(Font)              <7> on input line 69.
Package babel Info: Redefining dutch shorthand "|
(babel)             in language  on input line 69.
Package babel Info: Redefining dutch shorthand "~
(babel)             in language  on input line 69.
Package babel Info: Redefining dutch shorthand "|
(babel)             in language  on input line 69.
Package babel Info: Redefining dutch shorthand "~
(babel)             in language  on input line 69.
 [1

{/usr/local/texlive/2017/texmf-var/fonts/map/pdftex/updmap/pdftex.map} <./image
s/RCU_logo.png>] (./h0norm.toc
LaTeX Font Info:    External font `cmex10' loaded for size
(Font)              <12> on input line 3.
Package babel Info: Redefining dutch shorthand "|
(babel)             in language  on input line 36.
Package babel Info: Redefining dutch shorthand "~
(babel)             in language  on input line 36.
Package babel Info: Redefining dutch shorthand "|
(babel)             in language  on input line 36.
Package babel Info: Redefining dutch shorthand "~
(babel)             in language  on input line 36.
pdfTeX warning (ext4): destination with the same identifier (name{page.1}) has 
been already used, duplicate ignored
<to be read again> 
                   \relax 
l.36 ...8}Opbouw van het landschap}{30}{chapter.8}
                                                   [1

])
\tf@toc=\write4
\openout4 = `h0norm.toc'.

Package babel Info: Redefining dutch shorthand "|
(babel)             in language  on input line 72.
Package babel Info: Redefining dutch shorthand "~
(babel)             in language  on input line 72.
Package babel Info: Redefining dutch shorthand "|
(babel)             in language  on input line 72.
Package babel Info: Redefining dutch shorthand "~
(babel)             in language  on input line 72.
 [2] (./h0norm.lof
Package babel Info: Redefining dutch shorthand "|
(babel)             in language  on input line 48.
Package babel Info: Redefining dutch shorthand "~
(babel)             in language  on input line 48.
Package babel Info: Redefining dutch shorthand "|
(babel)             in language  on input line 48.
Package babel Info: Redefining dutch shorthand "~
(babel)             in language  on input line 48.

[3

])
\tf@lof=\write5
\openout5 = `h0norm.lof'.

Package babel Info: Redefining dutch shorthand "|
(babel)             in language  on input line 74.
Package babel Info: Redefining dutch shorthand "~
(babel)             in language  on input line 74.
Package babel Info: Redefining dutch shorthand "|
(babel)             in language  on input line 74.
Package babel Info: Redefining dutch shorthand "~
(babel)             in language  on input line 74.
 [4] (./h0norm.lot)
\tf@lot=\write6
\openout6 = `h0norm.lot'.

Package babel Info: Redefining dutch shorthand "|
(babel)             in language  on input line 76.
Package babel Info: Redefining dutch shorthand "~
(babel)             in language  on input line 76.
Package babel Info: Redefining dutch shorthand "|
(babel)             in language  on input line 76.
Package babel Info: Redefining dutch shorthand "~
(babel)             in language  on input line 76.
 [5

]
Hoofdstuk 1.
Package babel Info: Redefining dutch shorthand "|
(babel)             in language  on input line 76.
Package babel Info: Redefining dutch shorthand "~
(babel)             in language  on input line 76.
Package babel Info: Redefining dutch shorthand "|
(babel)             in language  on input line 78.
Package babel Info: Redefining dutch shorthand "~
(babel)             in language  on input line 78.
Package babel Info: Redefining dutch shorthand "|
(babel)             in language  on input line 100.
Package babel Info: Redefining dutch shorthand "~
(babel)             in language  on input line 100.
Package babel Info: Redefining dutch shorthand "|
(babel)             in language  on input line 127.
Package babel Info: Redefining dutch shorthand "~
(babel)             in language  on input line 127.
Package babel Info: Redefining dutch shorthand "|
(babel)             in language  on input line 127.
Package babel Info: Redefining dutch shorthand "~
(babel)             in language  on input line 127.
[6

]
Hoofdstuk 2.
Package babel Info: Redefining dutch shorthand "|
(babel)             in language  on input line 127.
Package babel Info: Redefining dutch shorthand "~
(babel)             in language  on input line 127.
Package babel Info: Redefining dutch shorthand "|
(babel)             in language  on input line 135.
Package babel Info: Redefining dutch shorthand "~
(babel)             in language  on input line 135.
LaTeX Font Info:    Try loading font information for TS1+lmss on input line 138
.
(/usr/local/texlive/2017/texmf-dist/tex/latex/lm/ts1lmss.fd
File: ts1lmss.fd 2009/10/30 v1.6 Font defs for Latin Modern
)
Package babel Info: Redefining dutch shorthand "|
(babel)             in language  on input line 186.
Package babel Info: Redefining dutch shorthand "~
(babel)             in language  on input line 186.
Package babel Info: Redefining dutch shorthand "|
(babel)             in language  on input line 186.
Package babel Info: Redefining dutch shorthand "~
(babel)             in language  on input line 186.
 [7

]
Package babel Info: Redefining dutch shorthand "|
(babel)             in language  on input line 186.
Package babel Info: Redefining dutch shorthand "~
(babel)             in language  on input line 186.
Package babel Info: Redefining dutch shorthand "|
(babel)             in language  on input line 186.
Package babel Info: Redefining dutch shorthand "~
(babel)             in language  on input line 186.
 [8]
Hoofdstuk 3.
Package babel Info: Redefining dutch shorthand "|
(babel)             in language  on input line 186.
Package babel Info: Redefining dutch shorthand "~
(babel)             in language  on input line 186.
Package babel Info: Redefining dutch shorthand "|
(babel)             in language  on input line 190.
Package babel Info: Redefining dutch shorthand "~
(babel)             in language  on input line 190.
<images/rcu_open_sym.png, id=567, 1723.43875pt x 701.62125pt>
File: images/rcu_open_sym.png Graphic file (type png)

<use images/rcu_open_sym.png>
Package pdftex.def Info: images/rcu_open_sym.png used on input line 197.
(pdftex.def)             Requested size: 430.85863pt x 175.40488pt.

<images/rcu_open_asym.png, id=568, 1689.31125pt x 690.58pt>
File: images/rcu_open_asym.png Graphic file (type png)

<use images/rcu_open_asym.png>
Package pdftex.def Info: images/rcu_open_asym.png used on input line 203.
(pdftex.def)             Requested size: 422.32678pt x 172.64458pt.

<images/rcu_vlak_sym.png, id=569, 1719.42375pt x 680.5425pt>
File: images/rcu_vlak_sym.png Graphic file (type png)

<use images/rcu_vlak_sym.png>
Package pdftex.def Info: images/rcu_vlak_sym.png used on input line 209.
(pdftex.def)             Requested size: 429.85489pt x 170.13521pt.

<images/rcu_vlak_asym.png, id=570, 1688.3075pt x 683.55376pt>
File: images/rcu_vlak_asym.png Graphic file (type png)

<use images/rcu_vlak_asym.png>
Package pdftex.def Info: images/rcu_vlak_asym.png used on input line 215.
(pdftex.def)             Requested size: 422.07584pt x 170.88802pt.

<images/jeugdbak.png, id=571, 720.6925pt x 244.915pt>
File: images/jeugdbak.png Graphic file (type png)

<use images/jeugdbak.png>
Package pdftex.def Info: images/jeugdbak.png used on input line 221.
(pdftex.def)             Requested size: 432.41884pt x 146.95012pt.
Package babel Info: Redefining dutch shorthand "|
(babel)             in language  on input line 224.
Package babel Info: Redefining dutch shorthand "~
(babel)             in language  on input line 224.
Package babel Info: Redefining dutch shorthand "|
(babel)             in language  on input line 228.
Package babel Info: Redefining dutch shorthand "~
(babel)             in language  on input line 228.
Package babel Info: Redefining dutch shorthand "|
(babel)             in language  on input line 228.
Package babel Info: Redefining dutch shorthand "~
(babel)             in language  on input line 228.
 [9

 <./images/rcu_open_sym.png> <./images/rcu_open_asym.png>]
Package babel Info: Redefining dutch shorthand "|
(babel)             in language  on input line 232.
Package babel Info: Redefining dutch shorthand "~
(babel)             in language  on input line 232.
Package babel Info: Redefining dutch shorthand "|
(babel)             in language  on input line 232.
Package babel Info: Redefining dutch shorthand "~
(babel)             in language  on input line 232.
 [10 <./images/rcu_vlak_sym.png> <./images/rcu_vlak_asym.png> <./images/jeugdba
k.png>] <images/rcu_figuur1.jpg, id=583, 1065.9825pt x 671.50874pt>
File: images/rcu_figuur1.jpg Graphic file (type jpg)

<use images/rcu_figuur1.jpg>
Package pdftex.def Info: images/rcu_figuur1.jpg used on input line 242.
(pdftex.def)             Requested size: 532.98994pt x 335.75356pt.

Overfull \hbox (20.84035pt too wide) in paragraph at lines 242--243
[][] 
 []

Package babel Info: Redefining dutch shorthand "|
(babel)             in language  on input line 251.
Package babel Info: Redefining dutch shorthand "~
(babel)             in language  on input line 251.
Package babel Info: Redefining dutch shorthand "|
(babel)             in language  on input line 255.
Package babel Info: Redefining dutch shorthand "~
(babel)             in language  on input line 255.
Package babel Info: Redefining dutch shorthand "|
(babel)             in language  on input line 258.
Package babel Info: Redefining dutch shorthand "~
(babel)             in language  on input line 258.
Package babel Info: Redefining dutch shorthand "|
(babel)             in language  on input line 258.
Package babel Info: Redefining dutch shorthand "~
(babel)             in language  on input line 258.
[11 <./images/rcu_figuur1.jpg>]
Package babel Info: Redefining dutch shorthand "|
(babel)             in language  on input line 263.
Package babel Info: Redefining dutch shorthand "~
(babel)             in language  on input line 263.

<images/rcu_figuur4.jpg, id=591, 1289.56781pt x 805.50937pt>
File: images/rcu_figuur4.jpg Graphic file (type jpg)

<use images/rcu_figuur4.jpg>
Package pdftex.def Info: images/rcu_figuur4.jpg used on input line 275.
(pdftex.def)             Requested size: 257.909pt x 161.09901pt.
Package babel Info: Redefining dutch shorthand "|
(babel)             in language  on input line 283.
Package babel Info: Redefining dutch shorthand "~
(babel)             in language  on input line 283.
Package babel Info: Redefining dutch shorthand "|
(babel)             in language  on input line 289.
Package babel Info: Redefining dutch shorthand "~
(babel)             in language  on input line 289.
Package babel Info: Redefining dutch shorthand "|
(babel)             in language  on input line 289.
Package babel Info: Redefining dutch shorthand "~
(babel)             in language  on input line 289.
 [12 <./images/rcu_figuur4.jpg>]
Package babel Info: Redefining dutch shorthand "|
(babel)             in language  on input line 289.
Package babel Info: Redefining dutch shorthand "~
(babel)             in language  on input line 289.

<images/rcu_figuur2.jpg, id=598, 1711.89563pt x 1553.805pt>
File: images/rcu_figuur2.jpg Graphic file (type jpg)

<use images/rcu_figuur2.jpg>
Package pdftex.def Info: images/rcu_figuur2.jpg used on input line 296.
(pdftex.def)             Requested size: 342.37306pt x 310.7555pt.

<images/rcu_figuur3.jpg, id=600, 1373.13pt x 627.84563pt>
File: images/rcu_figuur3.jpg Graphic file (type jpg)

<use images/rcu_figuur3.jpg>
Package pdftex.def Info: images/rcu_figuur3.jpg used on input line 304.
(pdftex.def)             Requested size: 274.62114pt x 125.5669pt.
Package babel Info: Redefining dutch shorthand "|
(babel)             in language  on input line 308.
Package babel Info: Redefining dutch shorthand "~
(babel)             in language  on input line 308.
Package babel Info: Redefining dutch shorthand "|
(babel)             in language  on input line 308.
Package babel Info: Redefining dutch shorthand "~
(babel)             in language  on input line 308.
 [13 <./images/rcu_figuur2.jpg> <./images/rcu_figuur3.jpg>]
Package babel Info: Redefining dutch shorthand "|
(babel)             in language  on input line 309.
Package babel Info: Redefining dutch shorthand "~
(babel)             in language  on input line 309.
Package babel Info: Redefining dutch shorthand "|
(babel)             in language  on input line 313.
Package babel Info: Redefining dutch shorthand "~
(babel)             in language  on input line 313.
 <images/wandrail.jpg, id=605, 120.45pt x 116.435pt>
File: images/wandrail.jpg Graphic file (type jpg)

<use images/wandrail.jpg>
Package pdftex.def Info: images/wandrail.jpg used on input line 318.
(pdftex.def)             Requested size: 120.44969pt x 116.43471pt.

<images/plankdrager.jpg, id=606, 501.875pt x 401.5pt>
File: images/plankdrager.jpg Graphic file (type jpg)

<use images/plankdrager.jpg>
Package pdftex.def Info: images/plankdrager.jpg used on input line 320.
(pdftex.def)             Requested size: 100.37321pt x 80.29857pt.

<images/hoekprofiel.jpg, id=607, 501.875pt x 401.5pt>
File: images/hoekprofiel.jpg Graphic file (type jpg)

<use images/hoekprofiel.jpg>
Package pdftex.def Info: images/hoekprofiel.jpg used on input line 322.
(pdftex.def)             Requested size: 100.37321pt x 80.29857pt.

<images/ledstrip.png, id=608, 967.615pt x 582.175pt>
File: images/ledstrip.png Graphic file (type png)
 <use images/ledstrip.png>
Package pdftex.def Info: images/ledstrip.png used on input line 324.
(pdftex.def)             Requested size: 193.51958pt x 116.43294pt.

<images/wielandstekker.jpg, id=609, 903.375pt x 571.13374pt>
File: images/wielandstekker.jpg Graphic file (type jpg)

<use images/wielandstekker.jpg>
Package pdftex.def Info: images/wielandstekker.jpg used on input line 326.
(pdftex.def)             Requested size: 180.6718pt x 114.22472pt.
Package babel Info: Redefining dutch shorthand "|
(babel)             in language  on input line 327.
Package babel Info: Redefining dutch shorthand "~
(babel)             in language  on input line 327.
Package babel Info: Redefining dutch shorthand "|
(babel)             in language  on input line 327.
Package babel Info: Redefining dutch shorthand "~
(babel)             in language  on input line 327.
 [14 <./images/wandrail.jpg> <./images/plankdrager.jpg> <./images/hoekprofiel.j
pg> <./images/ledstrip.png>]
Underfull \hbox (badness 10000) in paragraph at lines 331--334

 []


Underfull \hbox (badness 10000) in paragraph at lines 335--349

 []

Package babel Info: Redefining dutch shorthand "|
(babel)             in language  on input line 361.
Package babel Info: Redefining dutch shorthand "~
(babel)             in language  on input line 361.
Package babel Info: Redefining dutch shorthand "|
(babel)             in language  on input line 361.
Package babel Info: Redefining dutch shorthand "~
(babel)             in language  on input line 361.
[15 <./images/wielandstekker.jpg>]
Hoofdstuk 4.
Package babel Info: Redefining dutch shorthand "|
(babel)             in language  on input line 361.
Package babel Info: Redefining dutch shorthand "~
(babel)             in language  on input line 361.
Package babel Info: Redefining dutch shorthand "|
(babel)             in language  on input line 367.
Package babel Info: Redefining dutch shorthand "~
(babel)             in language  on input line 367.
Package babel Info: Redefining dutch shorthand "|
(babel)             in language  on input line 370.
Package babel Info: Redefining dutch shorthand "~
(babel)             in language  on input line 370.
<images/rcu_figuur5.png, id=619, 448.074pt x 180.1932pt>
File: images/rcu_figuur5.png Graphic file (type png)

<use images/rcu_figuur5.png>
Package pdftex.def Info: images/rcu_figuur5.png used on input line 384.
(pdftex.def)             Requested size: 448.07289pt x 180.19275pt.
Package babel Info: Redefining dutch shorthand "|
(babel)             in language  on input line 391.
Package babel Info: Redefining dutch shorthand "~
(babel)             in language  on input line 391.
Package babel Info: Redefining dutch shorthand "|
(babel)             in language  on input line 391.
Package babel Info: Redefining dutch shorthand "~
(babel)             in language  on input line 391.
 [16

]
<images/rcu_figuur6.png, id=625, 437.2335pt x 137.313pt>
File: images/rcu_figuur6.png Graphic file (type png)

<use images/rcu_figuur6.png>
Package pdftex.def Info: images/rcu_figuur6.png used on input line 395.
(pdftex.def)             Requested size: 437.23242pt x 137.31265pt.
Package babel Info: Redefining dutch shorthand "|
(babel)             in language  on input line 402.
Package babel Info: Redefining dutch shorthand "~
(babel)             in language  on input line 402.
Package babel Info: Redefining dutch shorthand "|
(babel)             in language  on input line 409.
Package babel Info: Redefining dutch shorthand "~
(babel)             in language  on input line 409.
Package babel Info: Redefining dutch shorthand "|
(babel)             in language  on input line 409.
Package babel Info: Redefining dutch shorthand "~
(babel)             in language  on input line 409.
 [17 <./images/rcu_figuur5.png (PNG copy)> <./images/rcu_figuur6.png (PNG copy)
>]
<images/rcu_peco_st204.png, id=633, 150.5625pt x 54.2025pt>
File: images/rcu_peco_st204.png Graphic file (type png)

<use images/rcu_peco_st204.png>
Package pdftex.def Info: images/rcu_peco_st204.png used on input line 417.
(pdftex.def)             Requested size: 150.56212pt x 54.20236pt.

<images/rcu_peco_sl102.png, id=634, 150.5625pt x 61.22874pt>
File: images/rcu_peco_sl102.png Graphic file (type png)

<use images/rcu_peco_sl102.png>
Package pdftex.def Info: images/rcu_peco_sl102.png used on input line 421.
(pdftex.def)             Requested size: 150.56212pt x 61.22858pt.

<images/rcu_peco_sl18.png, id=635, 150.5625pt x 96.36pt>
File: images/rcu_peco_sl18.png Graphic file (type png)

<use images/rcu_peco_sl18.png>
Package pdftex.def Info: images/rcu_peco_sl18.png used on input line 430.
(pdftex.def)             Requested size: 150.56212pt x 96.35974pt.
Package babel Info: Redefining dutch shorthand "|
(babel)             in language  on input line 433.
Package babel Info: Redefining dutch shorthand "~
(babel)             in language  on input line 433.

<images/railplaatjes.jpg, id=636, 258.9675pt x 245.91875pt>
File: images/railplaatjes.jpg Graphic file (type jpg)

<use images/railplaatjes.jpg>
Package pdftex.def Info: images/railplaatjes.jpg used on input line 440.
(pdftex.def)             Requested size: 155.38168pt x 147.55237pt.

<images/railplaatjes_gemonteerd.png, id=637, 2263.45625pt x 2815.51875pt>
File: images/railplaatjes_gemonteerd.png Graphic file (type png)

<use images/railplaatjes_gemonteerd.png>
Package pdftex.def Info: images/railplaatjes_gemonteerd.png used on input line 
446.
(pdftex.def)             Requested size: 452.68324pt x 563.09378pt.
Package babel Info: Redefining dutch shorthand "|
(babel)             in language  on input line 451.
Package babel Info: Redefining dutch shorthand "~
(babel)             in language  on input line 451.
Package babel Info: Redefining dutch shorthand "|
(babel)             in language  on input line 451.
Package babel Info: Redefining dutch shorthand "~
(babel)             in language  on input line 451.
 [18 <./images/rcu_peco_st204.png> <./images/rcu_peco_sl102.png> <./images/rcu_
peco_sl18.png> <./images/railplaatjes.jpg>]
Package babel Info: Redefining dutch shorthand "|
(babel)             in language  on input line 451.
Package babel Info: Redefining dutch shorthand "~
(babel)             in language  on input line 451.
Package babel Info: Redefining dutch shorthand "|
(babel)             in language  on input line 451.
Package babel Info: Redefining dutch shorthand "~
(babel)             in language  on input line 451.
 [19 <./images/railplaatjes_gemonteerd.png (PNG copy)>]
Hoofdstuk 5.
Package babel Info: Redefining dutch shorthand "|
(babel)             in language  on input line 451.
Package babel Info: Redefining dutch shorthand "~
(babel)             in language  on input line 451.
Package babel Info: Redefining dutch shorthand "|
(babel)             in language  on input line 461.
Package babel Info: Redefining dutch shorthand "~
(babel)             in language  on input line 461.
Package babel Info: Redefining dutch shorthand "|
(babel)             in language  on input line 464.
Package babel Info: Redefining dutch shorthand "~
(babel)             in language  on input line 464.
Package babel Info: Redefining dutch shorthand "|
(babel)             in language  on input line 479.
Package babel Info: Redefining dutch shorthand "~
(babel)             in language  on input line 479.
Package babel Info: Redefining dutch shorthand "|
(babel)             in language  on input line 485.
Package babel Info: Redefining dutch shorthand "~
(babel)             in language  on input line 485.
Package babel Info: Redefining dutch shorthand "|
(babel)             in language  on input line 492.
Package babel Info: Redefining dutch shorthand "~
(babel)             in language  on input line 492.
Package babel Info: Redefining dutch shorthand "|
(babel)             in language  on input line 492.
Package babel Info: Redefining dutch shorthand "~
(babel)             in language  on input line 492.
[20

] <images/module_3a.png, id=658, 455.7025pt x 98.3675pt>
File: images/module_3a.png Graphic file (type png)

<use images/module_3a.png>
Package pdftex.def Info: images/module_3a.png used on input line 497.
(pdftex.def)             Requested size: 199.16928pt x 42.99364pt.

Overfull \hbox (187.4194pt too wide) in paragraph at lines 497--497
[][] 
 []

<images/module_3b.png, id=659, 455.7025pt x 98.3675pt>
File: images/module_3b.png Graphic file (type png)

<use images/module_3b.png>
Package pdftex.def Info: images/module_3b.png used on input line 499.
(pdftex.def)             Requested size: 199.16928pt x 42.99364pt.

Overfull \hbox (187.4194pt too wide) in paragraph at lines 499--499
[][] 
 []

<images/module_3c.png, id=660, 455.7025pt x 72.27pt>
File: images/module_3c.png Graphic file (type png)

<use images/module_3c.png>
Package pdftex.def Info: images/module_3c.png used on input line 501.
(pdftex.def)             Requested size: 199.16928pt x 31.58716pt.

Overfull \hbox (187.4194pt too wide) in paragraph at lines 501--501
[][] 
 []

<images/module_3d.png, id=661, 455.7025pt x 72.27pt>
File: images/module_3d.png Graphic file (type png)

<use images/module_3d.png>
Package pdftex.def Info: images/module_3d.png used on input line 503.
(pdftex.def)             Requested size: 199.16928pt x 31.58716pt.

Overfull \hbox (187.4194pt too wide) in paragraph at lines 503--503
[][] 
 []

<images/module_3e.png, id=662, 455.7025pt x 72.27pt>
File: images/module_3e.png Graphic file (type png)

<use images/module_3e.png>
Package pdftex.def Info: images/module_3e.png used on input line 505.
(pdftex.def)             Requested size: 199.16928pt x 31.58716pt.

Overfull \hbox (187.4194pt too wide) in paragraph at lines 505--505
[][] 
 []

<images/module_3f.png, id=663, 455.7025pt x 72.27pt>
File: images/module_3f.png Graphic file (type png)

<use images/module_3f.png>
Package pdftex.def Info: images/module_3f.png used on input line 507.
(pdftex.def)             Requested size: 199.16928pt x 31.58716pt.

Overfull \hbox (187.4194pt too wide) in paragraph at lines 507--507
[][] 
 []

<images/module_3g.png, id=664, 455.7025pt x 98.3675pt>
File: images/module_3g.png Graphic file (type png)

<use images/module_3g.png>
Package pdftex.def Info: images/module_3g.png used on input line 509.
(pdftex.def)             Requested size: 199.16928pt x 42.99364pt.

Overfull \hbox (187.4194pt too wide) in paragraph at lines 509--509
[][] 
 []

<images/module_3h.png, id=665, 455.7025pt x 98.3675pt>
File: images/module_3h.png Graphic file (type png)

<use images/module_3h.png>
Package pdftex.def Info: images/module_3h.png used on input line 511.
(pdftex.def)             Requested size: 199.16928pt x 42.99364pt.

Overfull \hbox (187.4194pt too wide) in paragraph at lines 511--511
[][] 
 []


Overfull \hbox (9.1472pt too wide) in paragraph at lines 495--515
[][]
 []


Underfull \hbox (badness 10000) in paragraph at lines 495--515

 []

Package babel Info: Redefining dutch shorthand "|
(babel)             in language  on input line 517.
Package babel Info: Redefining dutch shorthand "~
(babel)             in language  on input line 517.
Package babel Info: Redefining dutch shorthand "|
(babel)             in language  on input line 517.
Package babel Info: Redefining dutch shorthand "~
(babel)             in language  on input line 517.
[21]
Package babel Info: Redefining dutch shorthand "|
(babel)             in language  on input line 518.
Package babel Info: Redefining dutch shorthand "~
(babel)             in language  on input line 518.
Package babel Info: Redefining dutch shorthand "|
(babel)             in language  on input line 529.
Package babel Info: Redefining dutch shorthand "~
(babel)             in language  on input line 529.
Package babel Info: Redefining dutch shorthand "|
(babel)             in language  on input line 529.
Package babel Info: Redefining dutch shorthand "~
(babel)             in language  on input line 529.
 [22 <./images/module_3a.png (PNG copy)> <./images/module_3b.png (PNG copy)> <.
/images/module_3c.png (PNG copy)> <./images/module_3d.png (PNG copy)> <./images
/module_3e.png (PNG copy)> <./images/module_3f.png (PNG copy)> <./images/module
_3g.png (PNG copy)> <./images/module_3h.png (PNG copy)>]
Package babel Info: Redefining dutch shorthand "|
(babel)             in language  on input line 530.
Package babel Info: Redefining dutch shorthand "~
(babel)             in language  on input line 530.
File: images/wielandstekker.jpg Graphic file (type jpg)

<use images/wielandstekker.jpg>
Package pdftex.def Info: images/wielandstekker.jpg used on input line 538.
(pdftex.def)             Requested size: 180.6718pt x 114.22472pt.
Package babel Info: Redefining dutch shorthand "|
(babel)             in language  on input line 541.
Package babel Info: Redefining dutch shorthand "~
(babel)             in language  on input line 541.

<images/rcu_modulebak.png, id=676, 845.40843pt x 417.81094pt>
File: images/rcu_modulebak.png Graphic file (type png)

<use images/rcu_modulebak.png>
Package pdftex.def Info: images/rcu_modulebak.png used on input line 562.
(pdftex.def)             Requested size: 507.24896pt x 250.68849pt.

<images/rcu_modulebak_seinen.png, id=677, 843.90282pt x 413.29407pt>
File: images/rcu_modulebak_seinen.png Graphic file (type png)

<use images/rcu_modulebak_seinen.png>
Package pdftex.def Info: images/rcu_modulebak_seinen.png used on input line 568
.
(pdftex.def)             Requested size: 506.3456pt x 247.97835pt.

<images/rcu_modulebak_seinen_wissels.png, id=678, 843.90282pt x 411.78844pt>
File: images/rcu_modulebak_seinen_wissels.png Graphic file (type png)

<use images/rcu_modulebak_seinen_wissels.png>
Package pdftex.def Info: images/rcu_modulebak_seinen_wissels.png used on input 
line 574.
(pdftex.def)             Requested size: 506.3456pt x 247.07495pt.
Package babel Info: Redefining dutch shorthand "|
(babel)             in language  on input line 577.
Package babel Info: Redefining dutch shorthand "~
(babel)             in language  on input line 577.
Package babel Info: Redefining dutch shorthand "|
(babel)             in language  on input line 577.
Package babel Info: Redefining dutch shorthand "~
(babel)             in language  on input line 577.
 [23]
Package babel Info: Redefining dutch shorthand "|
(babel)             in language  on input line 577.
Package babel Info: Redefining dutch shorthand "~
(babel)             in language  on input line 577.
Package babel Info: Redefining dutch shorthand "|
(babel)             in language  on input line 577.
Package babel Info: Redefining dutch shorthand "~
(babel)             in language  on input line 577.
 [24 <./images/rcu_modulebak.png> <./images/rcu_modulebak_seinen.png>]
Package babel Info: Redefining dutch shorthand "|
(babel)             in language  on input line 577.
Package babel Info: Redefining dutch shorthand "~
(babel)             in language  on input line 577.
Package babel Info: Redefining dutch shorthand "|
(babel)             in language  on input line 577.
Package babel Info: Redefining dutch shorthand "~
(babel)             in language  on input line 577.
 [25 <./images/rcu_modulebak_seinen_wissels.png>]
Hoofdstuk 6.
Package babel Info: Redefining dutch shorthand "|
(babel)             in language  on input line 577.
Package babel Info: Redefining dutch shorthand "~
(babel)             in language  on input line 577.
Package babel Info: Redefining dutch shorthand "|
(babel)             in language  on input line 580.
Package babel Info: Redefining dutch shorthand "~
(babel)             in language  on input line 580.
Package babel Info: Redefining dutch shorthand "|
(babel)             in language  on input line 583.
Package babel Info: Redefining dutch shorthand "~
(babel)             in language  on input line 583.
Package babel Info: Redefining dutch shorthand "|
(babel)             in language  on input line 592.
Package babel Info: Redefining dutch shorthand "~
(babel)             in language  on input line 592.
<images/henckes_p_sein.png, id=695, 61.22874pt x 319.1925pt>
File: images/henckes_p_sein.png Graphic file (type png)

<use images/henckes_p_sein.png>
Package pdftex.def Info: images/henckes_p_sein.png used on input line 597.
(pdftex.def)             Requested size: 36.73752pt x 191.51697pt.

<images/seindecoder.png, id=696, 423.5825pt x 284.06125pt>
File: images/seindecoder.png Graphic file (type png)

<use images/seindecoder.png>
Package pdftex.def Info: images/seindecoder.png used on input line 601.
(pdftex.def)             Requested size: 254.15146pt x 170.43805pt.

<images/traintech_decoder.png, id=698, 566.115pt x 339.2675pt>
File: images/traintech_decoder.png Graphic file (type png)

<use images/traintech_decoder.png>
Package pdftex.def Info: images/traintech_decoder.png used on input line 614.
(pdftex.def)             Requested size: 226.44199pt x 135.70459pt.

<images/aansluiting_seinen.png, id=699, 513.117pt x 347.699pt>
File: images/aansluiting_seinen.png Graphic file (type png)

<use images/aansluiting_seinen.png>
Package pdftex.def Info: images/aansluiting_seinen.png used on input line 618.
(pdftex.def)             Requested size: 256.55788pt x 173.84908pt.
Package babel Info: Redefining dutch shorthand "|
(babel)             in language  on input line 629.
Package babel Info: Redefining dutch shorthand "~
(babel)             in language  on input line 629.
Package babel Info: Redefining dutch shorthand "|
(babel)             in language  on input line 629.
Package babel Info: Redefining dutch shorthand "~
(babel)             in language  on input line 629.
 [26

]
Package babel Info: Redefining dutch shorthand "|
(babel)             in language  on input line 638.
Package babel Info: Redefining dutch shorthand "~
(babel)             in language  on input line 638.
Package babel Info: Redefining dutch shorthand "|
(babel)             in language  on input line 638.
Package babel Info: Redefining dutch shorthand "~
(babel)             in language  on input line 638.
 [27 <./images/henckes_p_sein.png> <./images/seindecoder.png> <./images/trainte
ch_decoder.png> <./images/aansluiting_seinen.png>]
Hoofdstuk 7.
Package babel Info: Redefining dutch shorthand "|
(babel)             in language  on input line 638.
Package babel Info: Redefining dutch shorthand "~
(babel)             in language  on input line 638.
<images/rcu_figuur9.png, id=716, 400.01445pt x 75.52216pt>
File: images/rcu_figuur9.png Graphic file (type png)

<use images/rcu_figuur9.png>
Package pdftex.def Info: images/rcu_figuur9.png used on input line 646.
(pdftex.def)             Requested size: 400.01347pt x 75.52196pt.

<images/rcu_figuur10.png, id=718, 439.04025pt x 132.61545pt>
File: images/rcu_figuur10.png Graphic file (type png)

<use images/rcu_figuur10.png>
Package pdftex.def Info: images/rcu_figuur10.png used on input line 654.
(pdftex.def)             Requested size: 439.03918pt x 132.61511pt.
Package babel Info: Redefining dutch shorthand "|
(babel)             in language  on input line 661.
Package babel Info: Redefining dutch shorthand "~
(babel)             in language  on input line 661.
Package babel Info: Redefining dutch shorthand "|
(babel)             in language  on input line 738.
Package babel Info: Redefining dutch shorthand "~
(babel)             in language  on input line 738.
Package babel Info: Redefining dutch shorthand "|
(babel)             in language  on input line 738.
Package babel Info: Redefining dutch shorthand "~
(babel)             in language  on input line 738.
 [28

 <./images/rcu_figuur9.png (PNG copy)>]
Package babel Info: Redefining dutch shorthand "|
(babel)             in language  on input line 740.
Package babel Info: Redefining dutch shorthand "~
(babel)             in language  on input line 740.
Package babel Info: Redefining dutch shorthand "|
(babel)             in language  on input line 740.
Package babel Info: Redefining dutch shorthand "~
(babel)             in language  on input line 740.

[29 <./images/rcu_figuur10.png (PNG copy)>]
Hoofdstuk 8.
Package babel Info: Redefining dutch shorthand "|
(babel)             in language  on input line 740.
Package babel Info: Redefining dutch shorthand "~
(babel)             in language  on input line 740.
<images/rcu_figuur11.png, id=729, 341.47575pt x 198.38115pt>
File: images/rcu_figuur11.png Graphic file (type png)

<use images/rcu_figuur11.png>
Package pdftex.def Info: images/rcu_figuur11.png used on input line 751.
(pdftex.def)             Requested size: 341.47491pt x 198.38065pt.
Package babel Info: Redefining dutch shorthand "|
(babel)             in language  on input line 757.
Package babel Info: Redefining dutch shorthand "~
(babel)             in language  on input line 757.

<images/rcu_figuur12.png, id=731, 431.4519pt x 178.14555pt>
File: images/rcu_figuur12.png Graphic file (type png)

<use images/rcu_figuur12.png>
Package pdftex.def Info: images/rcu_figuur12.png used on input line 768.
(pdftex.def)             Requested size: 431.45085pt x 178.14511pt.
Package babel Info: Redefining dutch shorthand "|
(babel)             in language  on input line 772.
Package babel Info: Redefining dutch shorthand "~
(babel)             in language  on input line 772.
Package babel Info: Redefining dutch shorthand "|
(babel)             in language  on input line 772.
Package babel Info: Redefining dutch shorthand "~
(babel)             in language  on input line 772.
 [30

 <./images/rcu_figuur11.png (PNG copy)>]
Package babel Info: Redefining dutch shorthand "|
(babel)             in language  on input line 775.
Package babel Info: Redefining dutch shorthand "~
(babel)             in language  on input line 775.

<images/rcu_figuur13_14.png, id=738, 391.7034pt x 333.8874pt>
File: images/rcu_figuur13_14.png Graphic file (type png)

<use images/rcu_figuur13_14.png>
Package pdftex.def Info: images/rcu_figuur13_14.png used on input line 813.
(pdftex.def)             Requested size: 391.70244pt x 333.88658pt.

<images/rcu_figuur15.png, id=741, 762.4485pt x 514.20105pt>
File: images/rcu_figuur15.png Graphic file (type png)

<use images/rcu_figuur15.png>
Package pdftex.def Info: images/rcu_figuur15.png used on input line 821.
(pdftex.def)             Requested size: 457.47263pt x 308.523pt.

<images/rcu_figuur16.png, id=742, 693.0693pt x 515.526pt>
File: images/rcu_figuur16.png Graphic file (type png)

<use images/rcu_figuur16.png>
Package pdftex.def Info: images/rcu_figuur16.png used on input line 827.
(pdftex.def)             Requested size: 415.84479pt x 309.318pt.
Package babel Info: Redefining dutch shorthand "|
(babel)             in language  on input line 832.
Package babel Info: Redefining dutch shorthand "~
(babel)             in language  on input line 832.
Package babel Info: Redefining dutch shorthand "|
(babel)             in language  on input line 835.
Package babel Info: Redefining dutch shorthand "~
(babel)             in language  on input line 835.
Package babel Info: Redefining dutch shorthand "|
(babel)             in language  on input line 835.
Package babel Info: Redefining dutch shorthand "~
(babel)             in language  on input line 835.
 [31 <./images/rcu_figuur12.png (PNG copy)>]

LaTeX Warning: Text page 32 contains only floats.

Package babel Info: Redefining dutch shorthand "|
(babel)             in language  on input line 835.
Package babel Info: Redefining dutch shorthand "~
(babel)             in language  on input line 835.
Package babel Info: Redefining dutch shorthand "|
(babel)             in language  on input line 835.
Package babel Info: Redefining dutch shorthand "~
(babel)             in language  on input line 835.
[32 <./images/rcu_figuur13_14.png (PNG copy)> <./images/rcu_figuur15.png>]
<images/rcu_figuur17.jpg, id=752, 1053.9375pt x 547.2947pt>
File: images/rcu_figuur17.jpg Graphic file (type jpg)

<use images/rcu_figuur17.jpg>
Package pdftex.def Info: images/rcu_figuur17.jpg used on input line 839.
(pdftex.def)             Requested size: 421.56754pt x 218.91399pt.
Package babel Info: Redefining dutch shorthand "|
(babel)             in language  on input line 844.
Package babel Info: Redefining dutch shorthand "~
(babel)             in language  on input line 844.
Package babel Info: Redefining dutch shorthand "|
(babel)             in language  on input line 844.
Package babel Info: Redefining dutch shorthand "~
(babel)             in language  on input line 844.
 [33 <./images/rcu_figuur16.png>]
Package babel Info: Redefining dutch shorthand "|
(babel)             in language  on input line 844.
Package babel Info: Redefining dutch shorthand "~
(babel)             in language  on input line 844.
Package babel Info: Redefining dutch shorthand "|
(babel)             in language  on input line 844.
Package babel Info: Redefining dutch shorthand "~
(babel)             in language  on input line 844.
 [34 <./images/rcu_figuur17.jpg>]
Hoofdstuk 9.
Package babel Info: Redefining dutch shorthand "|
(babel)             in language  on input line 844.
Package babel Info: Redefining dutch shorthand "~
(babel)             in language  on input line 844.
Package babel Info: Redefining dutch shorthand "|
(babel)             in language  on input line 846.
Package babel Info: Redefining dutch shorthand "~
(babel)             in language  on input line 846.
Package babel Info: Redefining dutch shorthand "|
(babel)             in language  on input line 858.
Package babel Info: Redefining dutch shorthand "~
(babel)             in language  on input line 858.
Package babel Info: Redefining dutch shorthand "|
(babel)             in language  on input line 869.
Package babel Info: Redefining dutch shorthand "~
(babel)             in language  on input line 869.
Package babel Info: Redefining dutch shorthand "|
(babel)             in language  on input line 871.
Package babel Info: Redefining dutch shorthand "~
(babel)             in language  on input line 871.
Package babel Info: Redefining dutch shorthand "|
(babel)             in language  on input line 871.
Package babel Info: Redefining dutch shorthand "~
(babel)             in language  on input line 871.
[35

]
Package babel Info: Redefining dutch shorthand "|
(babel)             in language  on input line 881.
Package babel Info: Redefining dutch shorthand "~
(babel)             in language  on input line 881.
 <images/schakelpaneel_module.png, id=770, 426.8748pt x 211.5102pt>
File: images/schakelpaneel_module.png Graphic file (type png)

<use images/schakelpaneel_module.png>
Package pdftex.def Info: images/schakelpaneel_module.png used on input line 888
.
(pdftex.def)             Requested size: 426.87375pt x 211.50967pt.

<images/schakelpaneel_centrale.png, id=771, 426.8748pt x 308.352pt>
File: images/schakelpaneel_centrale.png Graphic file (type png)

<use images/schakelpaneel_centrale.png>
Package pdftex.def Info: images/schakelpaneel_centrale.png used on input line 8
93.
(pdftex.def)             Requested size: 426.87375pt x 308.35124pt.
Package babel Info: Redefining dutch shorthand "|
(babel)             in language  on input line 907.
Package babel Info: Redefining dutch shorthand "~
(babel)             in language  on input line 907.
Package babel Info: Redefining dutch shorthand "|
(babel)             in language  on input line 912.
Package babel Info: Redefining dutch shorthand "~
(babel)             in language  on input line 912.
Package babel Info: Redefining dutch shorthand "|
(babel)             in language  on input line 912.
Package babel Info: Redefining dutch shorthand "~
(babel)             in language  on input line 912.
 [36 <./images/schakelpaneel_module.png>]
Package babel Info: Redefining dutch shorthand "|
(babel)             in language  on input line 923.
Package babel Info: Redefining dutch shorthand "~
(babel)             in language  on input line 923.
 <images/rcu_3_secties.png, id=780, 400.49625pt x 102.3825pt>
File: images/rcu_3_secties.png Graphic file (type png)

<use images/rcu_3_secties.png>
Package pdftex.def Info: images/rcu_3_secties.png used on input line 937.
(pdftex.def)             Requested size: 400.49527pt x 102.38225pt.
Package babel Info: Redefining dutch shorthand "|
(babel)             in language  on input line 943.
Package babel Info: Redefining dutch shorthand "~
(babel)             in language  on input line 943.
Package babel Info: Redefining dutch shorthand "|
(babel)             in language  on input line 943.
Package babel Info: Redefining dutch shorthand "~
(babel)             in language  on input line 943.
 [37 <./images/schakelpaneel_centrale.png>]
LaTeX Font Info:    Font shape `OT1/lmss/m/it' in size <12> not available
(Font)              Font shape `OT1/lmss/m/sl' tried instead on input line 944.

Package babel Info: Redefining dutch shorthand "|
(babel)             in language  on input line 948.
Package babel Info: Redefining dutch shorthand "~
(babel)             in language  on input line 948.

<images/rcu_bezetmelderblok.png, id=789, 515.67656pt x 252.945pt>
File: images/rcu_bezetmelderblok.png Graphic file (type png)

<use images/rcu_bezetmelderblok.png>
Package pdftex.def Info: images/rcu_bezetmelderblok.png used on input line 954.

(pdftex.def)             Requested size: 515.6753pt x 252.94438pt.

Overfull \hbox (3.5257pt too wide) in paragraph at lines 954--955
[][] 
 []

Package babel Info: Redefining dutch shorthand "|
(babel)             in language  on input line 963.
Package babel Info: Redefining dutch shorthand "~
(babel)             in language  on input line 963.
Package babel Info: Redefining dutch shorthand "|
(babel)             in language  on input line 963.
Package babel Info: Redefining dutch shorthand "~
(babel)             in language  on input line 963.
[38 <./images/rcu_3_secties.png> <./images/rcu_bezetmelderblok.png>]
Package babel Info: Redefining dutch shorthand "|
(babel)             in language  on input line 971.
Package babel Info: Redefining dutch shorthand "~
(babel)             in language  on input line 971.
Package babel Info: Redefining dutch shorthand "|
(babel)             in language  on input line 979.
Package babel Info: Redefining dutch shorthand "~
(babel)             in language  on input line 979.

<images/overzicht_stationsmodules.pdf, id=798, 625.02386pt x 301.62405pt>
File: images/overzicht_stationsmodules.pdf Graphic file (type pdf)

<use images/overzicht_stationsmodules.pdf>
Package pdftex.def Info: images/overzicht_stationsmodules.pdf used on input lin
e 988.
(pdftex.def)             Requested size: 500.01978pt x 241.29958pt.

<images/aansluitingen_stationsmodules.pdf, id=800, 394.44572pt x 439.32861pt>
File: images/aansluitingen_stationsmodules.pdf Graphic file (type pdf)

<use images/aansluitingen_stationsmodules.pdf>
Package pdftex.def Info: images/aansluitingen_stationsmodules.pdf used on input
 line 998.
(pdftex.def)             Requested size: 394.44475pt x 439.32753pt.
Package babel Info: Redefining dutch shorthand "|
(babel)             in language  on input line 1002.
Package babel Info: Redefining dutch shorthand "~
(babel)             in language  on input line 1002.
Package babel Info: Redefining dutch shorthand "|
(babel)             in language  on input line 1002.
Package babel Info: Redefining dutch shorthand "~
(babel)             in language  on input line 1002.
 [39 <./images/overzicht_stationsmodules.pdf>] <images/multimaus_hub.png, id=83
9, 803.0pt x 587.19376pt>
File: images/multimaus_hub.png Graphic file (type png)

<use images/multimaus_hub.png>
Package pdftex.def Info: images/multimaus_hub.png used on input line 1006.
(pdftex.def)             Requested size: 401.49902pt x 293.59616pt.
Package babel Info: Redefining dutch shorthand "|
(babel)             in language  on input line 1009.
Package babel Info: Redefining dutch shorthand "~
(babel)             in language  on input line 1009.

<images/rcu_foto3.png, id=840, 975.645pt x 731.73375pt>
File: images/rcu_foto3.png Graphic file (type png)

<use images/rcu_foto3.png>
Package pdftex.def Info: images/rcu_foto3.png used on input line 1014.
(pdftex.def)             Requested size: 487.8213pt x 365.86598pt.
Package babel Info: Redefining dutch shorthand "|
(babel)             in language  on input line 1022.
Package babel Info: Redefining dutch shorthand "~
(babel)             in language  on input line 1022.
Package babel Info: Redefining dutch shorthand "|
(babel)             in language  on input line 1022.
Package babel Info: Redefining dutch shorthand "~
(babel)             in language  on input line 1022.
 [40 <./images/aansluitingen_stationsmodules.pdf>]
Underfull \hbox (badness 10000) in paragraph at lines 1022--1023

 []

Package babel Info: Redefining dutch shorthand "|
(babel)             in language  on input line 1040.
Package babel Info: Redefining dutch shorthand "~
(babel)             in language  on input line 1040.
<images/rcu_boosterscheiding.png, id=878, 301.8778pt x 204.765pt>
File: images/rcu_boosterscheiding.png Graphic file (type png)

<use images/rcu_boosterscheiding.png>
Package pdftex.def Info: images/rcu_boosterscheiding.png used on input line 104
6.
(pdftex.def)             Requested size: 150.93852pt x 102.38223pt.

Underfull \hbox (badness 10000) in paragraph at lines 1046--1047

 []

Package babel Info: Redefining dutch shorthand "|
(babel)             in language  on input line 1051.
Package babel Info: Redefining dutch shorthand "~
(babel)             in language  on input line 1051.
Package babel Info: Redefining dutch shorthand "|
(babel)             in language  on input line 1058.
Package babel Info: Redefining dutch shorthand "~
(babel)             in language  on input line 1058.
Package babel Info: Redefining dutch shorthand "|
(babel)             in language  on input line 1058.
Package babel Info: Redefining dutch shorthand "~
(babel)             in language  on input line 1058.
[41 <./images/multimaus_hub.png>]
<images/schakelkast_station.png, id=889, 426.8748pt x 201.8742pt>
File: images/schakelkast_station.png Graphic file (type png)

<use images/schakelkast_station.png>
Package pdftex.def Info: images/schakelkast_station.png used on input line 1067
.
(pdftex.def)             Requested size: 426.87375pt x 201.8737pt.
Package babel Info: Redefining dutch shorthand "|
(babel)             in language  on input line 1071.
Package babel Info: Redefining dutch shorthand "~
(babel)             in language  on input line 1071.
Package babel Info: Redefining dutch shorthand "|
(babel)             in language  on input line 1071.
Package babel Info: Redefining dutch shorthand "~
(babel)             in language  on input line 1071.
 [42 <./images/rcu_foto3.png (PNG copy)> <./images/rcu_boosterscheiding.png>]
Package babel Info: Redefining dutch shorthand "|
(babel)             in language  on input line 1074.
Package babel Info: Redefining dutch shorthand "~
(babel)             in language  on input line 1074.
Package babel Info: Redefining dutch shorthand "|
(babel)             in language  on input line 1074.
Package babel Info: Redefining dutch shorthand "~
(babel)             in language  on input line 1074.
 [43 <./images/schakelkast_station.png>]
Hoofdstuk 10.
Package babel Info: Redefining dutch shorthand "|
(babel)             in language  on input line 1074.
Package babel Info: Redefining dutch shorthand "~
(babel)             in language  on input line 1074.

Underfull \hbox (badness 10000) in paragraph at lines 1076--1078

 []

<images/rcu_foto1.jpg, id=908, 3986.895pt x 2955.04pt>
File: images/rcu_foto1.jpg Graphic file (type jpg)

<use images/rcu_foto1.jpg>
Package pdftex.def Info: images/rcu_foto1.jpg used on input line 1082.
(pdftex.def)             Requested size: 398.71286pt x 295.52132pt.

Underfull \hbox (badness 10000) in paragraph at lines 1082--1083

 []

<images/rcu_foto4.png, id=910, 772.8875pt x 584.1825pt>
File: images/rcu_foto4.png Graphic file (type png)

<use images/rcu_foto4.png>
Package pdftex.def Info: images/rcu_foto4.png used on input line 1090.
(pdftex.def)             Requested size: 463.73607pt x 350.51219pt.

Underfull \hbox (badness 10000) in paragraph at lines 1090--1091

 []

Package babel Info: Redefining dutch shorthand "|
(babel)             in language  on input line 1098.
Package babel Info: Redefining dutch shorthand "~
(babel)             in language  on input line 1098.
Package babel Info: Redefining dutch shorthand "|
(babel)             in language  on input line 1098.
Package babel Info: Redefining dutch shorthand "~
(babel)             in language  on input line 1098.
[44

 <./images/rcu_foto1.jpg>]
Package babel Info: Redefining dutch shorthand "|
(babel)             in language  on input line 1100.
Package babel Info: Redefining dutch shorthand "~
(babel)             in language  on input line 1100.

<images/rcu_schema1.png, id=919, 919.435pt x 372.39125pt>
File: images/rcu_schema1.png Graphic file (type png)

<use images/rcu_schema1.png>
Package pdftex.def Info: images/rcu_schema1.png used on input line 1106.
(pdftex.def)             Requested size: 459.71637pt x 186.19516pt.

Underfull \hbox (badness 10000) in paragraph at lines 1109--1110

 []

<images/rcu_foto5.jpg, id=921, 1603.9925pt x 706.64pt>
File: images/rcu_foto5.jpg Graphic file (type jpg)

<use images/rcu_foto5.jpg>
Package pdftex.def Info: images/rcu_foto5.jpg used on input line 1114.
(pdftex.def)             Requested size: 481.20146pt x 211.99364pt.

Underfull \hbox (badness 10000) in paragraph at lines 1117--1118

 []


Underfull \hbox (badness 10000) in paragraph at lines 1119--1128

 []

Package babel Info: Redefining dutch shorthand "|
(babel)             in language  on input line 1129.
Package babel Info: Redefining dutch shorthand "~
(babel)             in language  on input line 1129.
Package babel Info: Redefining dutch shorthand "|
(babel)             in language  on input line 1132.
Package babel Info: Redefining dutch shorthand "~
(babel)             in language  on input line 1132.
Package babel Info: Redefining dutch shorthand "|
(babel)             in language  on input line 1132.
Package babel Info: Redefining dutch shorthand "~
(babel)             in language  on input line 1132.
[45 <./images/rcu_foto4.png (PNG copy)>]
Package babel Info: Redefining dutch shorthand "|
(babel)             in language  on input line 1139.
Package babel Info: Redefining dutch shorthand "~
(babel)             in language  on input line 1139.
Package babel Info: Redefining dutch shorthand "|
(babel)             in language  on input line 1139.
Package babel Info: Redefining dutch shorthand "~
(babel)             in language  on input line 1139.
 [46 <./images/rcu_schema1.png> <./images/rcu_foto5.jpg>]
Underfull \hbox (badness 10000) in paragraph at lines 1143--1145

 []

LaTeX Font Info:    Try loading font information for OML+lmss on input line 118
2.
LaTeX Font Info:    No file OMLlmss.fd. on input line 1182.

LaTeX Font Warning: Font shape `OML/lmss/m/n' undefined
(Font)              using `OML/cmm/m/it' instead
(Font)              for symbol `textless' on input line 1182.

Package babel Info: Redefining dutch shorthand "|
(babel)             in language  on input line 1193.
Package babel Info: Redefining dutch shorthand "~
(babel)             in language  on input line 1193.
Package babel Info: Redefining dutch shorthand "|
(babel)             in language  on input line 1193.
Package babel Info: Redefining dutch shorthand "~
(babel)             in language  on input line 1193.
[47]
Package babel Info: Redefining dutch shorthand "|
(babel)             in language  on input line 1210.
Package babel Info: Redefining dutch shorthand "~
(babel)             in language  on input line 1210.

Overfull \hbox (16.10617pt too wide) in paragraph at lines 1211--1213
\OT1/lmss/m/n/12 Net als bij locs is er ook een de-fault pro-to-col voor het aa
n-stu-ren van sta-ti-o-naire de-co-ders (sein/wisseldecoders);
 []

Package babel Info: Redefining dutch shorthand "|
(babel)             in language  on input line 1224.
Package babel Info: Redefining dutch shorthand "~
(babel)             in language  on input line 1224.
<images/roco_maus.png, id=951, 803.0pt x 697.60625pt>
File: images/roco_maus.png Graphic file (type png)

<use images/roco_maus.png>
Package pdftex.def Info: images/roco_maus.png used on input line 1236.
(pdftex.def)             Requested size: 200.74951pt x 174.40112pt.

<images/roco_multimaus.jpg, id=952, 602.25pt x 453.695pt>
File: images/roco_multimaus.jpg Graphic file (type jpg)

<use images/roco_multimaus.jpg>
Package pdftex.def Info: images/roco_multimaus.jpg used on input line 1240.
(pdftex.def)             Requested size: 240.89572pt x 181.47478pt.
Package babel Info: Redefining dutch shorthand "|
(babel)             in language  on input line 1271.
Package babel Info: Redefining dutch shorthand "~
(babel)             in language  on input line 1271.
Package babel Info: Redefining dutch shorthand "|
(babel)             in language  on input line 1271.
Package babel Info: Redefining dutch shorthand "~
(babel)             in language  on input line 1271.
 [48]
Package babel Info: Redefining dutch shorthand "|
(babel)             in language  on input line 1276.
Package babel Info: Redefining dutch shorthand "~
(babel)             in language  on input line 1276.
Package babel Info: Redefining dutch shorthand "|
(babel)             in language  on input line 1276.
Package babel Info: Redefining dutch shorthand "~
(babel)             in language  on input line 1276.
 [49 <./images/roco_maus.png> <./images/roco_multimaus.jpg>]
B"ylage A.
Package babel Info: Redefining dutch shorthand "|
(babel)             in language  on input line 1276.
Package babel Info: Redefining dutch shorthand "~
(babel)             in language  on input line 1276.
<images/rcu_foto2.png, id=972, 284.56313pt x 213.29688pt>
File: images/rcu_foto2.png Graphic file (type png)

<use images/rcu_foto2.png>
Package pdftex.def Info: images/rcu_foto2.png used on input line 1283.
(pdftex.def)             Requested size: 284.56242pt x 213.29634pt.
Package babel Info: Redefining dutch shorthand "|
(babel)             in language  on input line 1289.
Package babel Info: Redefining dutch shorthand "~
(babel)             in language  on input line 1289.

Underfull \hbox (badness 10000) in paragraph at lines 1293--1306

 []

Package babel Info: Redefining dutch shorthand "|
(babel)             in language  on input line 1307.
Package babel Info: Redefining dutch shorthand "~
(babel)             in language  on input line 1307.
Package babel Info: Redefining dutch shorthand "|
(babel)             in language  on input line 1307.
Package babel Info: Redefining dutch shorthand "~
(babel)             in language  on input line 1307.
[50

 <./images/rcu_foto2.png (PNG copy)>]
Underfull \hbox (badness 10000) in paragraph at lines 1307--1315

 []


Underfull \hbox (badness 10000) in paragraph at lines 1317--1330

 []


Underfull \hbox (badness 10000) in paragraph at lines 1331--1337

 []


Underfull \hbox (badness 10000) in paragraph at lines 1340--1353

 []

Package babel Info: Redefining dutch shorthand "|
(babel)             in language  on input line 1365.
Package babel Info: Redefining dutch shorthand "~
(babel)             in language  on input line 1365.
<images/rcu_test_enkel.png, id=978, 526.21594pt x 533.74406pt>
File: images/rcu_test_enkel.png Graphic file (type png)

<use images/rcu_test_enkel.png>
Package pdftex.def Info: images/rcu_test_enkel.png used on input line 1370.
(pdftex.def)             Requested size: 420.97333pt x 426.99582pt.
Package babel Info: Redefining dutch shorthand "|
(babel)             in language  on input line 1393.
Package babel Info: Redefining dutch shorthand "~
(babel)             in language  on input line 1393.
Package babel Info: Redefining dutch shorthand "|
(babel)             in language  on input line 1393.
Package babel Info: Redefining dutch shorthand "~
(babel)             in language  on input line 1393.
 [51]
Package babel Info: Redefining dutch shorthand "|
(babel)             in language  on input line 1404.
Package babel Info: Redefining dutch shorthand "~
(babel)             in language  on input line 1404.

<images/rcu_test_dubbel.png, id=983, 605.26125pt x 575.14874pt>
File: images/rcu_test_dubbel.png Graphic file (type png)

<use images/rcu_test_dubbel.png>
Package pdftex.def Info: images/rcu_test_dubbel.png used on input line 1409.
(pdftex.def)             Requested size: 484.20964pt x 460.11961pt.
Package babel Info: Redefining dutch shorthand "|
(babel)             in language  on input line 1415.
Package babel Info: Redefining dutch shorthand "~
(babel)             in language  on input line 1415.
Package babel Info: Redefining dutch shorthand "|
(babel)             in language  on input line 1415.
Package babel Info: Redefining dutch shorthand "~
(babel)             in language  on input line 1415.
 [52 <./images/rcu_test_enkel.png>]
Underfull \hbox (badness 10000) in paragraph at lines 1420--1421

 []

Package babel Info: Redefining dutch shorthand "|
(babel)             in language  on input line 1434.
Package babel Info: Redefining dutch shorthand "~
(babel)             in language  on input line 1434.
Package babel Info: Redefining dutch shorthand "|
(babel)             in language  on input line 1434.
Package babel Info: Redefining dutch shorthand "~
(babel)             in language  on input line 1434.
[53 <./images/rcu_test_dubbel.png>]
Package babel Info: Redefining dutch shorthand "|
(babel)             in language  on input line 1446.
Package babel Info: Redefining dutch shorthand "~
(babel)             in language  on input line 1446.

<images/rcu_test_dubbel_met.png, id=994, 519.44063pt x 529.98pt>
File: images/rcu_test_dubbel_met.png Graphic file (type png)

<use images/rcu_test_dubbel_met.png>
Package pdftex.def Info: images/rcu_test_dubbel_met.png used on input line 1451
.
(pdftex.def)             Requested size: 415.55307pt x 423.98456pt.
Package babel Info: Redefining dutch shorthand "|
(babel)             in language  on input line 1491.
Package babel Info: Redefining dutch shorthand "~
(babel)             in language  on input line 1491.

<images/rcu_test_dubbel_met_2rail.png, id=995, 523.9575pt x 529.22719pt>
File: images/rcu_test_dubbel_met_2rail.png Graphic file (type png)

<use images/rcu_test_dubbel_met_2rail.png>
Package pdftex.def Info: images/rcu_test_dubbel_met_2rail.png used on input lin
e 1496.
(pdftex.def)             Requested size: 419.16656pt x 423.38232pt.
Package babel Info: Redefining dutch shorthand "|
(babel)             in language  on input line 1497.
Package babel Info: Redefining dutch shorthand "~
(babel)             in language  on input line 1497.
Package babel Info: Redefining dutch shorthand "|
(babel)             in language  on input line 1497.
Package babel Info: Redefining dutch shorthand "~
(babel)             in language  on input line 1497.
 [54]
Package babel Info: Redefining dutch shorthand "|
(babel)             in language  on input line 1534.
Package babel Info: Redefining dutch shorthand "~
(babel)             in language  on input line 1534.
Package babel Info: Redefining dutch shorthand "|
(babel)             in language  on input line 1534.
Package babel Info: Redefining dutch shorthand "~
(babel)             in language  on input line 1534.
 [55 <./images/rcu_test_dubbel_met.png>]
Package babel Info: Redefining dutch shorthand "|
(babel)             in language  on input line 1536.
Package babel Info: Redefining dutch shorthand "~
(babel)             in language  on input line 1536.
Package babel Info: Redefining dutch shorthand "|
(babel)             in language  on input line 1536.
Package babel Info: Redefining dutch shorthand "~
(babel)             in language  on input line 1536.
 [56 <./images/rcu_test_dubbel_met_2rail.png>]
B"ylage B.
Package babel Info: Redefining dutch shorthand "|
(babel)             in language  on input line 1536.
Package babel Info: Redefining dutch shorthand "~
(babel)             in language  on input line 1536.

Underfull \hbox (badness 10000) in paragraph at lines 1547--1548

 []

Package babel Info: Redefining dutch shorthand "|
(babel)             in language  on input line 1569.
Package babel Info: Redefining dutch shorthand "~
(babel)             in language  on input line 1569.
Package babel Info: Redefining dutch shorthand "|
(babel)             in language  on input line 1569.
Package babel Info: Redefining dutch shorthand "~
(babel)             in language  on input line 1569.
[57

]
B"ylage C.
Package babel Info: Redefining dutch shorthand "|
(babel)             in language  on input line 1569.
Package babel Info: Redefining dutch shorthand "~
(babel)             in language  on input line 1569.
<images/rcu_schema2.png, id=1020, 828.09375pt x 678.535pt>
File: images/rcu_schema2.png Graphic file (type png)

<use images/rcu_schema2.png>
Package pdftex.def Info: images/rcu_schema2.png used on input line 1585.
(pdftex.def)             Requested size: 414.04587pt x 339.26666pt.
Package babel Info: Redefining dutch shorthand "|
(babel)             in language  on input line 1604.
Package babel Info: Redefining dutch shorthand "~
(babel)             in language  on input line 1604.
Package babel Info: Redefining dutch shorthand "|
(babel)             in language  on input line 1604.
Package babel Info: Redefining dutch shorthand "~
(babel)             in language  on input line 1604.
 [58

]
Package babel Info: Redefining dutch shorthand "|
(babel)             in language  on input line 1604.
Package babel Info: Redefining dutch shorthand "~
(babel)             in language  on input line 1604.
Package babel Info: Redefining dutch shorthand "|
(babel)             in language  on input line 1604.
Package babel Info: Redefining dutch shorthand "~
(babel)             in language  on input line 1604.
 [59 <./images/rcu_schema2.png>]
B"ylage D.
Package babel Info: Redefining dutch shorthand "|
(babel)             in language  on input line 1604.
Package babel Info: Redefining dutch shorthand "~
(babel)             in language  on input line 1604.
<images/rcu-MDRRCII-ack.png, id=1031, 612.2875pt x 391.4625pt>
File: images/rcu-MDRRCII-ack.png Graphic file (type png)

<use images/rcu-MDRRCII-ack.png>
Package pdftex.def Info: images/rcu-MDRRCII-ack.png used on input line 1611.
(pdftex.def)             Requested size: 428.59833pt x 274.02187pt.
Package babel Info: Redefining dutch shorthand "|
(babel)             in language  on input line 1623.
Package babel Info: Redefining dutch shorthand "~
(babel)             in language  on input line 1623.
Package babel Info: Redefining dutch shorthand "|
(babel)             in language  on input line 1623.
Package babel Info: Redefining dutch shorthand "~
(babel)             in language  on input line 1623.
 [60

 <./images/rcu-MDRRCII-ack.png>]
B"ylage E.
Package babel Info: Redefining dutch shorthand "|
(babel)             in language  on input line 1623.
Package babel Info: Redefining dutch shorthand "~
(babel)             in language  on input line 1623.
<images/inbouwmaten_centralekast.png, id=1037, 729.124pt x 589.402pt>
File: images/inbouwmaten_centralekast.png Graphic file (type png)

<use images/inbouwmaten_centralekast.png>
Package pdftex.def Info: images/inbouwmaten_centralekast.png used on input line
 1630.
(pdftex.def)             Requested size: 510.38332pt x 412.57857pt.
Package babel Info: Redefining dutch shorthand "|
(babel)             in language  on input line 1633.
Package babel Info: Redefining dutch shorthand "~
(babel)             in language  on input line 1633.
Package babel Info: Redefining dutch shorthand "|
(babel)             in language  on input line 1633.
Package babel Info: Redefining dutch shorthand "~
(babel)             in language  on input line 1633.
 [61

 <./images/inbouwmaten_centralekast.png>]
B"ylage F.
Package babel Info: Redefining dutch shorthand "|
(babel)             in language  on input line 1633.
Package babel Info: Redefining dutch shorthand "~
(babel)             in language  on input line 1633.
Package babel Info: Redefining dutch shorthand "|
(babel)             in language  on input line 1653.
Package babel Info: Redefining dutch shorthand "~
(babel)             in language  on input line 1653.
Package babel Info: Redefining dutch shorthand "|
(babel)             in language  on input line 1653.
Package babel Info: Redefining dutch shorthand "~
(babel)             in language  on input line 1653.
[62

]
B"ylage G.
Package babel Info: Redefining dutch shorthand "|
(babel)             in language  on input line 1653.
Package babel Info: Redefining dutch shorthand "~
(babel)             in language  on input line 1653.
<images/rcu_rocrail.png, id=1059, 1141.26375pt x 707.64375pt>
File: images/rcu_rocrail.png Graphic file (type png)

<use images/rcu_rocrail.png>
Package pdftex.def Info: images/rcu_rocrail.png used on input line 1660.
(pdftex.def)             Requested size: 456.49742pt x 283.05249pt.
Package babel Info: Redefining dutch shorthand "|
(babel)             in language  on input line 1673.
Package babel Info: Redefining dutch shorthand "~
(babel)             in language  on input line 1673.
Package babel Info: Redefining dutch shorthand "|
(babel)             in language  on input line 1673.
Package babel Info: Redefining dutch shorthand "~
(babel)             in language  on input line 1673.
 [63

 <./images/rcu_rocrail.png (PNG copy)>]
Package babel Info: Redefining dutch shorthand "|
(babel)             in language  on input line 1681.
Package babel Info: Redefining dutch shorthand "~
(babel)             in language  on input line 1681.
Package babel Info: Redefining dutch shorthand "|
(babel)             in language  on input line 1681.
Package babel Info: Redefining dutch shorthand "~
(babel)             in language  on input line 1681.

[64]
B"ylage H.
Package babel Info: Redefining dutch shorthand "|
(babel)             in language  on input line 1681.
Package babel Info: Redefining dutch shorthand "~
(babel)             in language  on input line 1681.
LaTeX Font Info:    Try loading font information for OT1+pcr on input line 1686
.
(/usr/local/texlive/2017/texmf-dist/tex/latex/psnfss/ot1pcr.fd
File: ot1pcr.fd 2001/06/04 font definitions for OT1/pcr.
)
Package babel Info: Redefining dutch shorthand "|
(babel)             in language  on input line 1713.
Package babel Info: Redefining dutch shorthand "~
(babel)             in language  on input line 1713.
Package babel Info: Redefining dutch shorthand "|
(babel)             in language  on input line 1713.
Package babel Info: Redefining dutch shorthand "~
(babel)             in language  on input line 1713.
 [65

]
B"ylage I.
Package babel Info: Redefining dutch shorthand "|
(babel)             in language  on input line 1713.
Package babel Info: Redefining dutch shorthand "~
(babel)             in language  on input line 1713.

Underfull \hbox (badness 10000) in paragraph at lines 1723--1724

 []

<images/rcu_screenshot1.png, id=1085, 440.64626pt x 242.9075pt>
File: images/rcu_screenshot1.png Graphic file (type png)

<use images/rcu_screenshot1.png>
Package pdftex.def Info: images/rcu_screenshot1.png used on input line 1728.
(pdftex.def)             Requested size: 220.32259pt x 121.45345pt.
Package babel Info: Redefining dutch shorthand "|
(babel)             in language  on input line 1731.
Package babel Info: Redefining dutch shorthand "~
(babel)             in language  on input line 1731.

<images/rcu_screenshot2.png, id=1087, 299.1175pt x 257.96375pt>
File: images/rcu_screenshot2.png Graphic file (type png)

<use images/rcu_screenshot2.png>
Package pdftex.def Info: images/rcu_screenshot2.png used on input line 1739.
(pdftex.def)             Requested size: 149.55838pt x 128.98155pt.
Package babel Info: Redefining dutch shorthand "|
(babel)             in language  on input line 1747.
Package babel Info: Redefining dutch shorthand "~
(babel)             in language  on input line 1747.

Underfull \hbox (badness 10000) in paragraph at lines 1748--1749

 []

<images/rcu_screenshot3.png, id=1090, 325.215pt x 508.90125pt>
File: images/rcu_screenshot3.png Graphic file (type png)

<use images/rcu_screenshot3.png>
Package pdftex.def Info: images/rcu_screenshot3.png used on input line 1753.
(pdftex.def)             Requested size: 162.6071pt x 254.45pt.
Package babel Info: Redefining dutch shorthand "|
(babel)             in language  on input line 1754.
Package babel Info: Redefining dutch shorthand "~
(babel)             in language  on input line 1754.
Package babel Info: Redefining dutch shorthand "|
(babel)             in language  on input line 1754.
Package babel Info: Redefining dutch shorthand "~
(babel)             in language  on input line 1754.
 [66

 <./images/rcu_screenshot1.png>]
Underfull \hbox (badness 10000) in paragraph at lines 1758--1775

 []

Package babel Info: Redefining dutch shorthand "|
(babel)             in language  on input line 1775.
Package babel Info: Redefining dutch shorthand "~
(babel)             in language  on input line 1775.
Package babel Info: Redefining dutch shorthand "|
(babel)             in language  on input line 1775.
Package babel Info: Redefining dutch shorthand "~
(babel)             in language  on input line 1775.
[67 <./images/rcu_screenshot2.png> <./images/rcu_screenshot3.png>]
Package babel Info: Redefining dutch shorthand "|
(babel)             in language  on input line 1779.
Package babel Info: Redefining dutch shorthand "~
(babel)             in language  on input line 1779.

Underfull \hbox (badness 10000) in paragraph at lines 1780--1781

 []

<images/rcu_screenshot4.png, id=1105, 325.96782pt x 603.0028pt>
File: images/rcu_screenshot4.png Graphic file (type png)

<use images/rcu_screenshot4.png>
Package pdftex.def Info: images/rcu_screenshot4.png used on input line 1785.
(pdftex.def)             Requested size: 325.96701pt x 603.00133pt.

Underfull \hbox (badness 10000) in paragraph at lines 1785--1786

 []

Package babel Info: Redefining dutch shorthand "|
(babel)             in language  on input line 1799.
Package babel Info: Redefining dutch shorthand "~
(babel)             in language  on input line 1799.
Package babel Info: Redefining dutch shorthand "|
(babel)             in language  on input line 1799.
Package babel Info: Redefining dutch shorthand "~
(babel)             in language  on input line 1799.
[68]
Package atveryend Info: Empty hook `BeforeClearDocument' on input line 1803.
Package babel Info: Redefining dutch shorthand "|
(babel)             in language  on input line 1803.
Package babel Info: Redefining dutch shorthand "~
(babel)             in language  on input line 1803.
Package babel Info: Redefining dutch shorthand "|
(babel)             in language  on input line 1803.
Package babel Info: Redefining dutch shorthand "~
(babel)             in language  on input line 1803.
 [69 <./images/rcu_screenshot4.png>]
Package atveryend Info: Empty hook `AfterLastShipout' on input line 1803.
 (./h0norm.aux)
Package atveryend Info: Executing hook `AtVeryEndDocument' on input line 1803.
Package atveryend Info: Executing hook `AtEndAfterFileList' on input line 1803.

Package rerunfilecheck Info: File `h0norm.out' has not changed.
(rerunfilecheck)             Checksum: F1F689CBC34BE3B52197C5EE9B63A22C;5099.


LaTeX Font Warning: Some font shapes were not available, defaults substituted.


LaTeX Warning: Label(s) may have changed. Rerun to get cross-references right.

Package atveryend Info: Empty hook `AtVeryVeryEnd' on input line 1803.
 ) 
Here is how much of TeX's memory you used:
 8709 strings out of 492995
 136032 string characters out of 6132704
 227499 words of memory out of 5000000
 11803 multiletter control sequences out of 15000+600000
 27832 words of font info for 47 fonts, out of 8000000 for 9000
 1141 hyphenation exceptions out of 8191
 36i,18n,38p,1329b,477s stack positions out of 5000i,500n,10000p,200000b,80000s
{/usr/local/texlive/2017/texmf-dist/fonts/enc/dvips/lm/lm-rm.enc}{/usr/local/
texlive/2017/texmf-dist/fonts/enc/dvips/lm/lm-ts1.enc}</usr/local/texlive/2017/
texmf-dist/fonts/type1/public/amsfonts/cm/cmbx12.pfb></usr/local/texlive/2017/t
exmf-dist/fonts/type1/public/amsfonts/cm/cmmi12.pfb></usr/local/texlive/2017/te
xmf-dist/fonts/type1/public/amsfonts/cm/cmr10.pfb></usr/local/texlive/2017/texm
f-dist/fonts/type1/public/amsfonts/cm/cmr12.pfb></usr/local/texlive/2017/texmf-
dist/fonts/type1/public/amsfonts/cm/cmr8.pfb></usr/local/texlive/2017/texmf-dis
t/fonts/type1/public/amsfonts/cm/cmsl12.pfb></usr/local/texlive/2017/texmf-dist
/fonts/type1/public/amsfonts/cm/cmsy10.pfb></usr/local/texlive/2017/texmf-dist/
fonts/type1/public/amsfonts/cm/cmtt12.pfb></usr/local/texlive/2017/texmf-dist/f
onts/type1/public/amsfonts/cm/cmtt8.pfb></usr/local/texlive/2017/texmf-dist/fon
ts/type1/public/eurosym/feymr10.pfb></usr/local/texlive/2017/texmf-dist/fonts/t
ype1/public/lm/lmss10.pfb></usr/local/texlive/2017/texmf-dist/fonts/type1/publi
c/lm/lmss12.pfb></usr/local/texlive/2017/texmf-dist/fonts/type1/public/lm/lmss1
7.pfb></usr/local/texlive/2017/texmf-dist/fonts/type1/public/lm/lmssbx10.pfb></
usr/local/texlive/2017/texmf-dist/fonts/type1/public/lm/lmsso12.pfb>
Output written on h0norm.pdf (70 pages, 27247799 bytes).
PDF statistics:
 1231 PDF objects out of 1440 (max. 8388607)
 1020 compressed objects within 11 object streams
 283 named destinations out of 1000 (max. 500000)
 955 words of extra memory for PDF output out of 10000 (max. 10000000)

