\BOOKMARK [0][-]{chapter.1}{Opbouw document}{}% 1
\BOOKMARK [1][-]{section.1.1}{Documentoverzicht}{chapter.1}% 2
\BOOKMARK [1][-]{section.1.2}{Afkortingen en begrippen}{chapter.1}% 3
\BOOKMARK [0][-]{chapter.2}{Inleiding}{}% 4
\BOOKMARK [1][-]{section.2.1}{Systeemnormen}{chapter.2}% 5
\BOOKMARK [0][-]{chapter.3}{Modules}{}% 6
\BOOKMARK [1][-]{section.3.1}{Maten kopschotten}{chapter.3}% 7
\BOOKMARK [1][-]{section.3.2}{De rechte module met spoordijk}{chapter.3}% 8
\BOOKMARK [1][-]{section.3.3}{De rechte module zonder spoordijk}{chapter.3}% 9
\BOOKMARK [1][-]{section.3.4}{Overgangsmodules}{chapter.3}% 10
\BOOKMARK [1][-]{section.3.5}{De hoekmodule}{chapter.3}% 11
\BOOKMARK [1][-]{section.3.6}{De stationsmodules}{chapter.3}% 12
\BOOKMARK [1][-]{section.3.7}{Opbouw poten}{chapter.3}% 13
\BOOKMARK [1][-]{section.3.8}{Achterwanden}{chapter.3}% 14
\BOOKMARK [1][-]{section.3.9}{Verlichting}{chapter.3}% 15
\BOOKMARK [0][-]{chapter.4}{Het leggen van de rails}{}% 16
\BOOKMARK [1][-]{section.4.1}{Gebruikte rail}{chapter.4}% 17
\BOOKMARK [1][-]{section.4.2}{Montage}{chapter.4}% 18
\BOOKMARK [1][-]{section.4.3}{Proef met Peco rail}{chapter.4}% 19
\BOOKMARK [1][-]{section.4.4}{Proef met railplaatjes}{chapter.4}% 20
\BOOKMARK [0][-]{chapter.5}{Normen elektrische installatie}{}% 21
\BOOKMARK [1][-]{section.5.1}{De 230 volt voeding van de baan}{chapter.5}% 22
\BOOKMARK [1][-]{section.5.2}{Het laagspanningsgedeelte van de baan}{chapter.5}% 23
\BOOKMARK [2][-]{subsection.5.2.1}{Modules zonder wissels}{section.5.2}% 24
\BOOKMARK [2][-]{subsection.5.2.2}{Modules met wissels}{section.5.2}% 25
\BOOKMARK [2][-]{subsection.5.2.3}{Bezetmeldingsdraden, Remstukken en stopstukken}{section.5.2}% 26
\BOOKMARK [1][-]{section.5.3}{Aansluiten Modules}{chapter.5}% 27
\BOOKMARK [2][-]{subsection.5.3.1}{Kabels}{section.5.3}% 28
\BOOKMARK [0][-]{chapter.6}{Wissels en Seinen}{}% 29
\BOOKMARK [1][-]{section.6.1}{Wisselaansturing}{chapter.6}% 30
\BOOKMARK [1][-]{section.6.2}{Seinen}{chapter.6}% 31
\BOOKMARK [1][-]{section.6.3}{Aansturing Seinen}{chapter.6}% 32
\BOOKMARK [0][-]{chapter.7}{De bovenleiding}{}% 33
\BOOKMARK [1][-]{section.7.1}{Normen bovenleiding}{chapter.7}% 34
\BOOKMARK [0][-]{chapter.8}{Opbouw van het landschap}{}% 35
\BOOKMARK [1][-]{section.8.1}{Volgorde bij de opbouw van het landschap}{chapter.8}% 36
\BOOKMARK [1][-]{section.8.2}{Landschapsnormen}{chapter.8}% 37
\BOOKMARK [1][-]{section.8.3}{Optreden bij tentoonstellingen}{chapter.8}% 38
\BOOKMARK [0][-]{chapter.9}{Modules, boosters en bezetmelders}{}% 39
\BOOKMARK [1][-]{section.9.1}{Inleiding}{chapter.9}% 40
\BOOKMARK [1][-]{section.9.2}{Modules}{chapter.9}% 41
\BOOKMARK [2][-]{subsection.9.2.1}{Basismodules}{section.9.2}% 42
\BOOKMARK [2][-]{subsection.9.2.2}{Omschakelen basismodules}{section.9.2}% 43
\BOOKMARK [2][-]{subsection.9.2.3}{Omschakelen basismodules zonder schakelaars}{section.9.2}% 44
\BOOKMARK [2][-]{subsection.9.2.4}{Bezetmeldersecties}{section.9.2}% 45
\BOOKMARK [2][-]{subsection.9.2.5}{Aansluiting detectiestukken}{section.9.2}% 46
\BOOKMARK [2][-]{subsection.9.2.6}{Zonder bezetmeldersecties}{section.9.2}% 47
\BOOKMARK [1][-]{section.9.3}{Modulebooster/hub}{chapter.9}% 48
\BOOKMARK [2][-]{subsection.9.3.1}{Gebruik meerdere boosters en boosterscheiding}{section.9.3}% 49
\BOOKMARK [2][-]{subsection.9.3.2}{Centrale Stationsmodule met booster}{section.9.3}% 50
\BOOKMARK [0][-]{chapter.10}{Universele Centrale \(DCC/Motorola\)}{}% 51
\BOOKMARK [1][-]{section.10.1}{Aansluiting Centrale aan booster\(s\)}{chapter.10}% 52
\BOOKMARK [1][-]{section.10.2}{Rijden met Locs}{chapter.10}% 53
\BOOKMARK [1][-]{section.10.3}{Sturen van seinen en Wissels}{chapter.10}% 54
\BOOKMARK [0][-]{appendix.A}{Testen Modules}{}% 55
\BOOKMARK [1][-]{section.A.1}{Zelftest: controle testkastje}{appendix.A}% 56
\BOOKMARK [1][-]{section.A.2}{kortsluittest op module zonder rijdend materieel - enkel}{appendix.A}% 57
\BOOKMARK [1][-]{section.A.3}{kortsluittest op module zonder rijdend materieel - dubbel}{appendix.A}% 58
\BOOKMARK [1][-]{section.A.4}{verbindingstest op module met rijdend materieel \(3-rail\)}{appendix.A}% 59
\BOOKMARK [1][-]{section.A.5}{verbindingstest op module met rijdend materieel \(2-rail\)}{appendix.A}% 60
\BOOKMARK [0][-]{appendix.B}{Opbouw detectie aansluitblok}{}% 61
\BOOKMARK [0][-]{appendix.C}{Beschrijving Interfaceprint MDRRC-II Centrale}{}% 62
\BOOKMARK [0][-]{appendix.D}{Programmeerschakeling Centrale}{}% 63
\BOOKMARK [0][-]{appendix.E}{Afmetingen gebruikte kast voor centrale}{}% 64
\BOOKMARK [0][-]{appendix.F}{Terugmelderaansluitingen}{}% 65
\BOOKMARK [0][-]{appendix.G}{Instellingen Rocrail}{}% 66
\BOOKMARK [0][-]{appendix.H}{USB poorten en MDRRC-II centrale}{}% 67
\BOOKMARK [0][-]{appendix.I}{Gebruik MDRRC-config programma}{}% 68
\BOOKMARK [1][-]{section.I.1}{Programmainstellingen}{appendix.I}% 69
\BOOKMARK [1][-]{section.I.2}{Configuratie Editor}{appendix.I}% 70
\BOOKMARK [1][-]{section.I.3}{Loklijst editor}{appendix.I}% 71
